
autoidx 2086

attribute \cells_not_processed 1
attribute \src "./../src/register_file.v:1.1-64.10"
module \register_file

  wire width 32 $procmux$1172_Y

  wire $procmux$1173_CMP

  wire width 32 $procmux$1170_Y

  wire $procmux$1171_CMP

  wire width 32 $procmux$1136_Y

  wire $procmux$1137_CMP

  wire width 32 $procmux$1134_Y

  wire $procmux$1135_CMP

  wire width 32 $procmux$1101_Y

  wire $procmux$1102_CMP

  wire width 32 $procmux$1099_Y

  wire $procmux$1100_CMP

  wire width 32 $procmux$1067_Y

  wire $procmux$1068_CMP

  wire width 32 $procmux$1065_Y

  wire $procmux$1066_CMP

  wire width 32 $procmux$1034_Y

  wire $procmux$1035_CMP

  wire width 32 $procmux$1032_Y

  wire $procmux$1033_CMP

  wire width 32 $procmux$1002_Y

  wire $procmux$1003_CMP

  wire width 32 $procmux$1000_Y

  wire $procmux$1001_CMP

  wire width 32 $procmux$971_Y

  wire $procmux$972_CMP

  wire width 32 $procmux$969_Y

  wire $procmux$970_CMP

  wire width 32 $procmux$941_Y

  wire $procmux$942_CMP

  wire width 32 $procmux$939_Y

  wire $procmux$940_CMP

  wire width 32 $procmux$912_Y

  wire $procmux$913_CMP

  wire width 32 $procmux$910_Y

  wire $procmux$911_CMP

  wire width 32 $procmux$884_Y

  wire $procmux$885_CMP

  wire width 32 $procmux$882_Y

  wire $procmux$883_CMP

  wire width 32 $procmux$857_Y

  wire $procmux$858_CMP

  wire width 32 $procmux$855_Y

  wire $procmux$856_CMP

  wire width 32 $procmux$831_Y

  wire $procmux$832_CMP

  wire width 32 $procmux$829_Y

  wire $procmux$830_CMP

  wire width 32 $procmux$806_Y

  wire $procmux$807_CMP

  wire width 32 $procmux$804_Y

  wire $procmux$805_CMP

  wire width 32 $procmux$782_Y

  wire $procmux$783_CMP

  wire width 32 $procmux$780_Y

  wire $procmux$781_CMP

  wire width 32 $procmux$759_Y

  wire $procmux$760_CMP

  wire width 32 $procmux$757_Y

  wire $procmux$758_CMP

  wire width 32 $procmux$737_Y

  wire $procmux$738_CMP

  wire width 32 $procmux$735_Y

  wire $procmux$736_CMP

  wire width 32 $procmux$716_Y

  wire $procmux$717_CMP

  wire width 32 $procmux$714_Y

  wire $procmux$715_CMP

  wire width 32 $procmux$696_Y

  wire $procmux$697_CMP

  wire width 32 $procmux$694_Y

  wire $procmux$695_CMP

  wire width 32 $procmux$677_Y

  wire $procmux$678_CMP

  wire width 32 $procmux$675_Y

  wire $procmux$676_CMP

  wire width 32 $procmux$659_Y

  wire $procmux$660_CMP

  wire width 32 $procmux$657_Y

  wire $procmux$658_CMP

  wire width 32 $procmux$642_Y

  wire $procmux$643_CMP

  wire width 32 $procmux$640_Y

  wire $procmux$641_CMP

  wire width 32 $procmux$626_Y

  wire $procmux$627_CMP

  wire width 32 $procmux$624_Y

  wire $procmux$625_CMP

  wire width 32 $procmux$611_Y

  wire $procmux$612_CMP

  wire width 32 $procmux$609_Y

  wire $procmux$610_CMP

  wire width 32 $procmux$597_Y

  wire $procmux$598_CMP

  wire width 32 $procmux$595_Y

  wire $procmux$596_CMP

  wire width 32 $procmux$584_Y

  wire $procmux$585_CMP

  wire width 32 $procmux$582_Y

  wire $procmux$583_CMP

  wire width 32 $procmux$572_Y

  wire $procmux$573_CMP

  wire width 32 $procmux$570_Y

  wire $procmux$571_CMP

  wire width 32 $procmux$561_Y

  wire $procmux$562_CMP

  wire width 32 $procmux$559_Y

  wire $procmux$560_CMP

  wire width 32 $procmux$551_Y

  wire $procmux$552_CMP

  wire width 32 $procmux$549_Y

  wire $procmux$550_CMP

  wire width 32 $procmux$542_Y

  wire $procmux$543_CMP

  wire width 32 $procmux$540_Y

  wire $procmux$541_CMP

  wire width 32 $procmux$534_Y

  wire $procmux$535_CMP

  wire width 32 $procmux$532_Y

  wire $procmux$533_CMP

  wire width 32 $procmux$527_Y

  wire $procmux$528_CMP

  wire width 32 $procmux$525_Y

  wire $procmux$526_CMP

  wire width 32 $procmux$521_Y

  wire $procmux$522_CMP

  wire width 32 $procmux$519_Y

  wire $procmux$520_CMP

  wire width 32 $procmux$516_Y

  wire $procmux$517_CMP

  wire width 5 $procmux$513_Y

  wire $procmux$514_CMP

  wire $procmux$511_CMP

  wire $procmux$510_CMP

  wire $procmux$509_CMP

  wire $procmux$508_CMP

  wire $procmux$507_CMP

  wire $procmux$506_CMP

  wire $procmux$505_CMP

  wire $procmux$504_CMP

  wire $procmux$503_CMP

  wire $procmux$502_CMP

  wire $procmux$501_CMP

  wire $procmux$500_CMP

  wire $procmux$499_CMP

  wire $procmux$498_CMP

  wire $procmux$497_CMP

  wire $procmux$496_CMP

  wire $procmux$495_CMP

  wire $procmux$494_CMP

  wire $procmux$493_CMP

  wire $procmux$492_CMP

  wire $procmux$491_CMP

  wire $procmux$490_CMP

  wire $procmux$489_CMP

  wire $procmux$488_CMP

  wire $procmux$487_CMP

  wire $procmux$486_CMP

  wire $procmux$485_CMP

  wire $procmux$484_CMP

  wire $procmux$483_CMP

  wire $procmux$482_CMP

  wire $procmux$481_CMP

  wire width 32 $procmux$479_Y

  wire $procmux$480_CMP

  wire $procmux$478_CMP

  wire $procmux$477_CMP

  wire $procmux$476_CMP

  wire $procmux$475_CMP

  wire $procmux$474_CMP

  wire $procmux$473_CMP

  wire $procmux$472_CMP

  wire $procmux$471_CMP

  wire $procmux$470_CMP

  wire $procmux$469_CMP

  wire $procmux$468_CMP

  wire $procmux$467_CMP

  wire $procmux$466_CMP

  wire $procmux$465_CMP

  wire $procmux$464_CMP

  wire $procmux$463_CMP

  wire $procmux$462_CMP

  wire $procmux$461_CMP

  wire $procmux$460_CMP

  wire $procmux$459_CMP

  wire $procmux$458_CMP

  wire $procmux$457_CMP

  wire $procmux$456_CMP

  wire $procmux$455_CMP

  wire $procmux$454_CMP

  wire $procmux$453_CMP

  wire $procmux$452_CMP

  wire $procmux$451_CMP

  wire $procmux$450_CMP

  wire $procmux$449_CMP

  wire $procmux$448_CMP

  wire width 32 $procmux$446_Y

  wire $procmux$447_CMP

  attribute \src "./../src/register_file.v:0.0-0.0"
  wire width 32 $1$mem2reg_rd$\regs$./../src/register_file.v:61$293_DATA[31:0]$310

  attribute \src "./../src/register_file.v:0.0-0.0"
  wire width 32 $0$mem2reg_rd$\regs$./../src/register_file.v:61$293_DATA[31:0]$309

  attribute \src "./../src/register_file.v:0.0-0.0"
  wire width 32 $1$mem2reg_rd$\regs$./../src/register_file.v:60$292_DATA[31:0]$307

  attribute \src "./../src/register_file.v:0.0-0.0"
  wire width 32 $0$mem2reg_rd$\regs$./../src/register_file.v:60$292_DATA[31:0]$306

  attribute \src "./../src/register_file.v:61"
  wire width 32 $ternary$./../src/register_file.v:61$304_Y

  attribute \src "./../src/register_file.v:61"
  wire $eq$./../src/register_file.v:61$303_Y

  attribute \src "./../src/register_file.v:60"
  wire width 32 $ternary$./../src/register_file.v:60$302_Y

  attribute \src "./../src/register_file.v:60"
  wire $eq$./../src/register_file.v:60$301_Y

  attribute \src "./../src/register_file.v:18.1-57.4"
  wire width 32 $2$mem2reg_wr$\regs$./../src/register_file.v:21$291_DATA[31:0]$300

  attribute \src "./../src/register_file.v:18.1-57.4"
  wire width 5 $2$mem2reg_wr$\regs$./../src/register_file.v:21$291_ADDR[4:0]$299

  attribute \src "./../src/register_file.v:18.1-57.4"
  wire width 32 $1$mem2reg_wr$\regs$./../src/register_file.v:21$291_DATA[31:0]$298

  attribute \src "./../src/register_file.v:18.1-57.4"
  wire width 5 $1$mem2reg_wr$\regs$./../src/register_file.v:21$291_ADDR[4:0]$297

  attribute \src "./../src/register_file.v:18.1-57.4"
  wire width 32 $0$mem2reg_wr$\regs$./../src/register_file.v:21$291_DATA[31:0]$296

  attribute \src "./../src/register_file.v:18.1-57.4"
  wire width 5 $0$mem2reg_wr$\regs$./../src/register_file.v:21$291_ADDR[4:0]$295

  attribute \src "./../src/register_file.v:18.1-57.4"
  wire width 32 $0\regs[31][31:0]

  attribute \src "./../src/register_file.v:18.1-57.4"
  wire width 32 $0\regs[30][31:0]

  attribute \src "./../src/register_file.v:18.1-57.4"
  wire width 32 $0\regs[29][31:0]

  attribute \src "./../src/register_file.v:18.1-57.4"
  wire width 32 $0\regs[28][31:0]

  attribute \src "./../src/register_file.v:18.1-57.4"
  wire width 32 $0\regs[27][31:0]

  attribute \src "./../src/register_file.v:18.1-57.4"
  wire width 32 $0\regs[26][31:0]

  attribute \src "./../src/register_file.v:18.1-57.4"
  wire width 32 $0\regs[25][31:0]

  attribute \src "./../src/register_file.v:18.1-57.4"
  wire width 32 $0\regs[24][31:0]

  attribute \src "./../src/register_file.v:18.1-57.4"
  wire width 32 $0\regs[23][31:0]

  attribute \src "./../src/register_file.v:18.1-57.4"
  wire width 32 $0\regs[22][31:0]

  attribute \src "./../src/register_file.v:18.1-57.4"
  wire width 32 $0\regs[21][31:0]

  attribute \src "./../src/register_file.v:18.1-57.4"
  wire width 32 $0\regs[20][31:0]

  attribute \src "./../src/register_file.v:18.1-57.4"
  wire width 32 $0\regs[19][31:0]

  attribute \src "./../src/register_file.v:18.1-57.4"
  wire width 32 $0\regs[18][31:0]

  attribute \src "./../src/register_file.v:18.1-57.4"
  wire width 32 $0\regs[17][31:0]

  attribute \src "./../src/register_file.v:18.1-57.4"
  wire width 32 $0\regs[16][31:0]

  attribute \src "./../src/register_file.v:18.1-57.4"
  wire width 32 $0\regs[15][31:0]

  attribute \src "./../src/register_file.v:18.1-57.4"
  wire width 32 $0\regs[14][31:0]

  attribute \src "./../src/register_file.v:18.1-57.4"
  wire width 32 $0\regs[13][31:0]

  attribute \src "./../src/register_file.v:18.1-57.4"
  wire width 32 $0\regs[12][31:0]

  attribute \src "./../src/register_file.v:18.1-57.4"
  wire width 32 $0\regs[11][31:0]

  attribute \src "./../src/register_file.v:18.1-57.4"
  wire width 32 $0\regs[10][31:0]

  attribute \src "./../src/register_file.v:18.1-57.4"
  wire width 32 $0\regs[9][31:0]

  attribute \src "./../src/register_file.v:18.1-57.4"
  wire width 32 $0\regs[8][31:0]

  attribute \src "./../src/register_file.v:18.1-57.4"
  wire width 32 $0\regs[7][31:0]

  attribute \src "./../src/register_file.v:18.1-57.4"
  wire width 32 $0\regs[6][31:0]

  attribute \src "./../src/register_file.v:18.1-57.4"
  wire width 32 $0\regs[5][31:0]

  attribute \src "./../src/register_file.v:18.1-57.4"
  wire width 32 $0\regs[4][31:0]

  attribute \src "./../src/register_file.v:18.1-57.4"
  wire width 32 $0\regs[3][31:0]

  attribute \src "./../src/register_file.v:18.1-57.4"
  wire width 32 $0\regs[2][31:0]

  attribute \src "./../src/register_file.v:18.1-57.4"
  wire width 32 $0\regs[1][31:0]

  attribute \src "./../src/register_file.v:18.1-57.4"
  wire width 32 $0\regs[0][31:0]

  attribute \src "./../src/register_file.v:0.0-0.0"
  wire width 32 $mem2reg_rd$\regs$./../src/register_file.v:61$293_DATA

  attribute \src "./../src/register_file.v:0.0-0.0"
  wire width 5 $mem2reg_rd$\regs$./../src/register_file.v:61$293_ADDR

  attribute \src "./../src/register_file.v:0.0-0.0"
  wire width 32 $mem2reg_rd$\regs$./../src/register_file.v:60$292_DATA

  attribute \src "./../src/register_file.v:0.0-0.0"
  wire width 5 $mem2reg_rd$\regs$./../src/register_file.v:60$292_ADDR

  attribute \nosync 1
  attribute \src "./../src/register_file.v:0.0-0.0"
  wire width 32 $mem2reg_wr$\regs$./../src/register_file.v:21$291_DATA

  attribute \nosync 1
  attribute \src "./../src/register_file.v:0.0-0.0"
  wire width 5 $mem2reg_wr$\regs$./../src/register_file.v:21$291_ADDR

  attribute \src "./../src/register_file.v:15.12-15.16"
  wire width 32 \regs[31]

  attribute \src "./../src/register_file.v:15.12-15.16"
  wire width 32 \regs[30]

  attribute \src "./../src/register_file.v:15.12-15.16"
  wire width 32 \regs[29]

  attribute \src "./../src/register_file.v:15.12-15.16"
  wire width 32 \regs[28]

  attribute \src "./../src/register_file.v:15.12-15.16"
  wire width 32 \regs[27]

  attribute \src "./../src/register_file.v:15.12-15.16"
  wire width 32 \regs[26]

  attribute \src "./../src/register_file.v:15.12-15.16"
  wire width 32 \regs[25]

  attribute \src "./../src/register_file.v:15.12-15.16"
  wire width 32 \regs[24]

  attribute \src "./../src/register_file.v:15.12-15.16"
  wire width 32 \regs[23]

  attribute \src "./../src/register_file.v:15.12-15.16"
  wire width 32 \regs[22]

  attribute \src "./../src/register_file.v:15.12-15.16"
  wire width 32 \regs[21]

  attribute \src "./../src/register_file.v:15.12-15.16"
  wire width 32 \regs[20]

  attribute \src "./../src/register_file.v:15.12-15.16"
  wire width 32 \regs[19]

  attribute \src "./../src/register_file.v:15.12-15.16"
  wire width 32 \regs[18]

  attribute \src "./../src/register_file.v:15.12-15.16"
  wire width 32 \regs[17]

  attribute \src "./../src/register_file.v:15.12-15.16"
  wire width 32 \regs[16]

  attribute \src "./../src/register_file.v:15.12-15.16"
  wire width 32 \regs[15]

  attribute \src "./../src/register_file.v:15.12-15.16"
  wire width 32 \regs[14]

  attribute \src "./../src/register_file.v:15.12-15.16"
  wire width 32 \regs[13]

  attribute \src "./../src/register_file.v:15.12-15.16"
  wire width 32 \regs[12]

  attribute \src "./../src/register_file.v:15.12-15.16"
  wire width 32 \regs[11]

  attribute \src "./../src/register_file.v:15.12-15.16"
  wire width 32 \regs[10]

  attribute \src "./../src/register_file.v:15.12-15.16"
  wire width 32 \regs[9]

  attribute \src "./../src/register_file.v:15.12-15.16"
  wire width 32 \regs[8]

  attribute \src "./../src/register_file.v:15.12-15.16"
  wire width 32 \regs[7]

  attribute \src "./../src/register_file.v:15.12-15.16"
  wire width 32 \regs[6]

  attribute \src "./../src/register_file.v:15.12-15.16"
  wire width 32 \regs[5]

  attribute \src "./../src/register_file.v:15.12-15.16"
  wire width 32 \regs[4]

  attribute \src "./../src/register_file.v:15.12-15.16"
  wire width 32 \regs[3]

  attribute \src "./../src/register_file.v:15.12-15.16"
  wire width 32 \regs[2]

  attribute \src "./../src/register_file.v:15.12-15.16"
  wire width 32 \regs[1]

  attribute \src "./../src/register_file.v:15.12-15.16"
  wire width 32 \regs[0]

  attribute \src "./../src/register_file.v:11.19-11.30"
  wire width 32 output 9 \read_data_2

  attribute \src "./../src/register_file.v:10.19-10.30"
  wire width 32 output 8 \read_data_1

  attribute \src "./../src/register_file.v:8.11-8.23"
  wire input 7 \cs_reg_write

  attribute \src "./../src/register_file.v:7.18-7.28"
  wire width 32 input 6 \write_data

  attribute \src "./../src/register_file.v:6.17-6.26"
  wire width 5 input 5 \write_reg

  attribute \src "./../src/register_file.v:5.17-5.27"
  wire width 5 input 4 \read_reg_2

  attribute \src "./../src/register_file.v:4.17-4.27"
  wire width 5 input 3 \read_reg_1

  attribute \src "./../src/register_file.v:3.11-3.16"
  wire input 2 \reset

  attribute \src "./../src/register_file.v:2.11-2.14"
  wire input 1 \clk

  attribute \src "./../src/register_file.v:18.1-57.4"
  cell $adff $procdff$2065
    parameter \CLK_POLARITY 1'1
    parameter \ARST_VALUE 32'xxxxxxxxxxxxxxxxxxxxxxxxxxxxxxxx
    parameter \ARST_POLARITY 1'0
    parameter \WIDTH 32
    connect \CLK \clk
    connect \ARST \reset
    connect \Q $mem2reg_wr$\regs$./../src/register_file.v:21$291_DATA
    connect \D 32'xxxxxxxxxxxxxxxxxxxxxxxxxxxxxxxx
  end

  attribute \src "./../src/register_file.v:18.1-57.4"
  cell $adff $procdff$2064
    parameter \CLK_POLARITY 1'1
    parameter \ARST_VALUE 5'xxxxx
    parameter \ARST_POLARITY 1'0
    parameter \WIDTH 5
    connect \CLK \clk
    connect \ARST \reset
    connect \Q $mem2reg_wr$\regs$./../src/register_file.v:21$291_ADDR
    connect \D 5'xxxxx
  end

  attribute \src "./../src/register_file.v:18.1-57.4"
  cell $adff $procdff$2063
    parameter \CLK_POLARITY 1'1
    parameter \ARST_VALUE 0
    parameter \ARST_POLARITY 1'0
    parameter \WIDTH 32
    connect \CLK \clk
    connect \ARST \reset
    connect \Q \regs[31]
    connect \D $procmux$521_Y
  end

  attribute \src "./../src/register_file.v:18.1-57.4"
  cell $adff $procdff$2062
    parameter \CLK_POLARITY 1'1
    parameter \ARST_VALUE 0
    parameter \ARST_POLARITY 1'0
    parameter \WIDTH 32
    connect \CLK \clk
    connect \ARST \reset
    connect \Q \regs[30]
    connect \D $procmux$527_Y
  end

  attribute \src "./../src/register_file.v:18.1-57.4"
  cell $adff $procdff$2061
    parameter \CLK_POLARITY 1'1
    parameter \ARST_VALUE 0
    parameter \ARST_POLARITY 1'0
    parameter \WIDTH 32
    connect \CLK \clk
    connect \ARST \reset
    connect \Q \regs[29]
    connect \D $procmux$534_Y
  end

  attribute \src "./../src/register_file.v:18.1-57.4"
  cell $adff $procdff$2060
    parameter \CLK_POLARITY 1'1
    parameter \ARST_VALUE 0
    parameter \ARST_POLARITY 1'0
    parameter \WIDTH 32
    connect \CLK \clk
    connect \ARST \reset
    connect \Q \regs[28]
    connect \D $procmux$542_Y
  end

  attribute \src "./../src/register_file.v:18.1-57.4"
  cell $adff $procdff$2059
    parameter \CLK_POLARITY 1'1
    parameter \ARST_VALUE 0
    parameter \ARST_POLARITY 1'0
    parameter \WIDTH 32
    connect \CLK \clk
    connect \ARST \reset
    connect \Q \regs[27]
    connect \D $procmux$551_Y
  end

  attribute \src "./../src/register_file.v:18.1-57.4"
  cell $adff $procdff$2058
    parameter \CLK_POLARITY 1'1
    parameter \ARST_VALUE 0
    parameter \ARST_POLARITY 1'0
    parameter \WIDTH 32
    connect \CLK \clk
    connect \ARST \reset
    connect \Q \regs[26]
    connect \D $procmux$561_Y
  end

  attribute \src "./../src/register_file.v:18.1-57.4"
  cell $adff $procdff$2057
    parameter \CLK_POLARITY 1'1
    parameter \ARST_VALUE 0
    parameter \ARST_POLARITY 1'0
    parameter \WIDTH 32
    connect \CLK \clk
    connect \ARST \reset
    connect \Q \regs[25]
    connect \D $procmux$572_Y
  end

  attribute \src "./../src/register_file.v:18.1-57.4"
  cell $adff $procdff$2056
    parameter \CLK_POLARITY 1'1
    parameter \ARST_VALUE 0
    parameter \ARST_POLARITY 1'0
    parameter \WIDTH 32
    connect \CLK \clk
    connect \ARST \reset
    connect \Q \regs[24]
    connect \D $procmux$584_Y
  end

  attribute \src "./../src/register_file.v:18.1-57.4"
  cell $adff $procdff$2055
    parameter \CLK_POLARITY 1'1
    parameter \ARST_VALUE 0
    parameter \ARST_POLARITY 1'0
    parameter \WIDTH 32
    connect \CLK \clk
    connect \ARST \reset
    connect \Q \regs[23]
    connect \D $procmux$597_Y
  end

  attribute \src "./../src/register_file.v:18.1-57.4"
  cell $adff $procdff$2054
    parameter \CLK_POLARITY 1'1
    parameter \ARST_VALUE 0
    parameter \ARST_POLARITY 1'0
    parameter \WIDTH 32
    connect \CLK \clk
    connect \ARST \reset
    connect \Q \regs[22]
    connect \D $procmux$611_Y
  end

  attribute \src "./../src/register_file.v:18.1-57.4"
  cell $adff $procdff$2053
    parameter \CLK_POLARITY 1'1
    parameter \ARST_VALUE 0
    parameter \ARST_POLARITY 1'0
    parameter \WIDTH 32
    connect \CLK \clk
    connect \ARST \reset
    connect \Q \regs[21]
    connect \D $procmux$626_Y
  end

  attribute \src "./../src/register_file.v:18.1-57.4"
  cell $adff $procdff$2052
    parameter \CLK_POLARITY 1'1
    parameter \ARST_VALUE 0
    parameter \ARST_POLARITY 1'0
    parameter \WIDTH 32
    connect \CLK \clk
    connect \ARST \reset
    connect \Q \regs[20]
    connect \D $procmux$642_Y
  end

  attribute \src "./../src/register_file.v:18.1-57.4"
  cell $adff $procdff$2051
    parameter \CLK_POLARITY 1'1
    parameter \ARST_VALUE 0
    parameter \ARST_POLARITY 1'0
    parameter \WIDTH 32
    connect \CLK \clk
    connect \ARST \reset
    connect \Q \regs[19]
    connect \D $procmux$659_Y
  end

  attribute \src "./../src/register_file.v:18.1-57.4"
  cell $adff $procdff$2050
    parameter \CLK_POLARITY 1'1
    parameter \ARST_VALUE 0
    parameter \ARST_POLARITY 1'0
    parameter \WIDTH 32
    connect \CLK \clk
    connect \ARST \reset
    connect \Q \regs[18]
    connect \D $procmux$677_Y
  end

  attribute \src "./../src/register_file.v:18.1-57.4"
  cell $adff $procdff$2049
    parameter \CLK_POLARITY 1'1
    parameter \ARST_VALUE 0
    parameter \ARST_POLARITY 1'0
    parameter \WIDTH 32
    connect \CLK \clk
    connect \ARST \reset
    connect \Q \regs[17]
    connect \D $procmux$696_Y
  end

  attribute \src "./../src/register_file.v:18.1-57.4"
  cell $adff $procdff$2048
    parameter \CLK_POLARITY 1'1
    parameter \ARST_VALUE 0
    parameter \ARST_POLARITY 1'0
    parameter \WIDTH 32
    connect \CLK \clk
    connect \ARST \reset
    connect \Q \regs[16]
    connect \D $procmux$716_Y
  end

  attribute \src "./../src/register_file.v:18.1-57.4"
  cell $adff $procdff$2047
    parameter \CLK_POLARITY 1'1
    parameter \ARST_VALUE 0
    parameter \ARST_POLARITY 1'0
    parameter \WIDTH 32
    connect \CLK \clk
    connect \ARST \reset
    connect \Q \regs[15]
    connect \D $procmux$737_Y
  end

  attribute \src "./../src/register_file.v:18.1-57.4"
  cell $adff $procdff$2046
    parameter \CLK_POLARITY 1'1
    parameter \ARST_VALUE 0
    parameter \ARST_POLARITY 1'0
    parameter \WIDTH 32
    connect \CLK \clk
    connect \ARST \reset
    connect \Q \regs[14]
    connect \D $procmux$759_Y
  end

  attribute \src "./../src/register_file.v:18.1-57.4"
  cell $adff $procdff$2045
    parameter \CLK_POLARITY 1'1
    parameter \ARST_VALUE 0
    parameter \ARST_POLARITY 1'0
    parameter \WIDTH 32
    connect \CLK \clk
    connect \ARST \reset
    connect \Q \regs[13]
    connect \D $procmux$782_Y
  end

  attribute \src "./../src/register_file.v:18.1-57.4"
  cell $adff $procdff$2044
    parameter \CLK_POLARITY 1'1
    parameter \ARST_VALUE 0
    parameter \ARST_POLARITY 1'0
    parameter \WIDTH 32
    connect \CLK \clk
    connect \ARST \reset
    connect \Q \regs[12]
    connect \D $procmux$806_Y
  end

  attribute \src "./../src/register_file.v:18.1-57.4"
  cell $adff $procdff$2043
    parameter \CLK_POLARITY 1'1
    parameter \ARST_VALUE 0
    parameter \ARST_POLARITY 1'0
    parameter \WIDTH 32
    connect \CLK \clk
    connect \ARST \reset
    connect \Q \regs[11]
    connect \D $procmux$831_Y
  end

  attribute \src "./../src/register_file.v:18.1-57.4"
  cell $adff $procdff$2042
    parameter \CLK_POLARITY 1'1
    parameter \ARST_VALUE 0
    parameter \ARST_POLARITY 1'0
    parameter \WIDTH 32
    connect \CLK \clk
    connect \ARST \reset
    connect \Q \regs[10]
    connect \D $procmux$857_Y
  end

  attribute \src "./../src/register_file.v:18.1-57.4"
  cell $adff $procdff$2041
    parameter \CLK_POLARITY 1'1
    parameter \ARST_VALUE 0
    parameter \ARST_POLARITY 1'0
    parameter \WIDTH 32
    connect \CLK \clk
    connect \ARST \reset
    connect \Q \regs[9]
    connect \D $procmux$884_Y
  end

  attribute \src "./../src/register_file.v:18.1-57.4"
  cell $adff $procdff$2040
    parameter \CLK_POLARITY 1'1
    parameter \ARST_VALUE 0
    parameter \ARST_POLARITY 1'0
    parameter \WIDTH 32
    connect \CLK \clk
    connect \ARST \reset
    connect \Q \regs[8]
    connect \D $procmux$912_Y
  end

  attribute \src "./../src/register_file.v:18.1-57.4"
  cell $adff $procdff$2039
    parameter \CLK_POLARITY 1'1
    parameter \ARST_VALUE 0
    parameter \ARST_POLARITY 1'0
    parameter \WIDTH 32
    connect \CLK \clk
    connect \ARST \reset
    connect \Q \regs[7]
    connect \D $procmux$941_Y
  end

  attribute \src "./../src/register_file.v:18.1-57.4"
  cell $adff $procdff$2038
    parameter \CLK_POLARITY 1'1
    parameter \ARST_VALUE 0
    parameter \ARST_POLARITY 1'0
    parameter \WIDTH 32
    connect \CLK \clk
    connect \ARST \reset
    connect \Q \regs[6]
    connect \D $procmux$971_Y
  end

  attribute \src "./../src/register_file.v:18.1-57.4"
  cell $adff $procdff$2037
    parameter \CLK_POLARITY 1'1
    parameter \ARST_VALUE 0
    parameter \ARST_POLARITY 1'0
    parameter \WIDTH 32
    connect \CLK \clk
    connect \ARST \reset
    connect \Q \regs[5]
    connect \D $procmux$1002_Y
  end

  attribute \src "./../src/register_file.v:18.1-57.4"
  cell $adff $procdff$2036
    parameter \CLK_POLARITY 1'1
    parameter \ARST_VALUE 0
    parameter \ARST_POLARITY 1'0
    parameter \WIDTH 32
    connect \CLK \clk
    connect \ARST \reset
    connect \Q \regs[4]
    connect \D $procmux$1034_Y
  end

  attribute \src "./../src/register_file.v:18.1-57.4"
  cell $adff $procdff$2035
    parameter \CLK_POLARITY 1'1
    parameter \ARST_VALUE 0
    parameter \ARST_POLARITY 1'0
    parameter \WIDTH 32
    connect \CLK \clk
    connect \ARST \reset
    connect \Q \regs[3]
    connect \D $procmux$1067_Y
  end

  attribute \src "./../src/register_file.v:18.1-57.4"
  cell $adff $procdff$2034
    parameter \CLK_POLARITY 1'1
    parameter \ARST_VALUE 0
    parameter \ARST_POLARITY 1'0
    parameter \WIDTH 32
    connect \CLK \clk
    connect \ARST \reset
    connect \Q \regs[2]
    connect \D $procmux$1101_Y
  end

  attribute \src "./../src/register_file.v:18.1-57.4"
  cell $adff $procdff$2033
    parameter \CLK_POLARITY 1'1
    parameter \ARST_VALUE 0
    parameter \ARST_POLARITY 1'0
    parameter \WIDTH 32
    connect \CLK \clk
    connect \ARST \reset
    connect \Q \regs[1]
    connect \D $procmux$1136_Y
  end

  attribute \src "./../src/register_file.v:18.1-57.4"
  cell $adff $procdff$2032
    parameter \CLK_POLARITY 1'1
    parameter \ARST_VALUE 0
    parameter \ARST_POLARITY 1'0
    parameter \WIDTH 32
    connect \CLK \clk
    connect \ARST \reset
    connect \Q \regs[0]
    connect \D $procmux$1172_Y
  end

  attribute \full_case 1
  attribute \src "./../src/register_file.v:20.12-20.24|./../src/register_file.v:20.9-21.43"
  cell $mux $procmux$1172
    parameter \WIDTH 32
    connect \Y $procmux$1172_Y
    connect \S $procmux$1173_CMP
    connect \B $procmux$1170_Y
    connect \A \regs[0]
  end

  attribute \full_case 1
  attribute \src "./../src/register_file.v:0.0-0.0"
  cell $mux $procmux$1170
    parameter \WIDTH 32
    connect \Y $procmux$1170_Y
    connect \S $procmux$1171_CMP
    connect \B \write_data
    connect \A \regs[0]
  end

  attribute \full_case 1
  attribute \src "./../src/register_file.v:0.0-0.0"
  cell $eq $procmux$1171_CMP0
    parameter \Y_WIDTH 1
    parameter \B_WIDTH 5
    parameter \A_WIDTH 5
    parameter \B_SIGNED 0
    parameter \A_SIGNED 0
    connect \Y $procmux$1171_CMP
    connect \B 5'00000
    connect \A \write_reg
  end

  attribute \full_case 1
  attribute \src "./../src/register_file.v:20.12-20.24|./../src/register_file.v:20.9-21.43"
  cell $mux $procmux$1136
    parameter \WIDTH 32
    connect \Y $procmux$1136_Y
    connect \S $procmux$1137_CMP
    connect \B $procmux$1134_Y
    connect \A \regs[1]
  end

  attribute \full_case 1
  attribute \src "./../src/register_file.v:0.0-0.0"
  cell $mux $procmux$1134
    parameter \WIDTH 32
    connect \Y $procmux$1134_Y
    connect \S $procmux$1135_CMP
    connect \B \write_data
    connect \A \regs[1]
  end

  attribute \full_case 1
  attribute \src "./../src/register_file.v:0.0-0.0"
  cell $eq $procmux$1135_CMP0
    parameter \Y_WIDTH 1
    parameter \B_WIDTH 5
    parameter \A_WIDTH 5
    parameter \B_SIGNED 0
    parameter \A_SIGNED 0
    connect \Y $procmux$1135_CMP
    connect \B 5'00001
    connect \A \write_reg
  end

  attribute \full_case 1
  attribute \src "./../src/register_file.v:20.12-20.24|./../src/register_file.v:20.9-21.43"
  cell $mux $procmux$1101
    parameter \WIDTH 32
    connect \Y $procmux$1101_Y
    connect \S $procmux$1102_CMP
    connect \B $procmux$1099_Y
    connect \A \regs[2]
  end

  attribute \full_case 1
  attribute \src "./../src/register_file.v:0.0-0.0"
  cell $mux $procmux$1099
    parameter \WIDTH 32
    connect \Y $procmux$1099_Y
    connect \S $procmux$1100_CMP
    connect \B \write_data
    connect \A \regs[2]
  end

  attribute \full_case 1
  attribute \src "./../src/register_file.v:0.0-0.0"
  cell $eq $procmux$1100_CMP0
    parameter \Y_WIDTH 1
    parameter \B_WIDTH 5
    parameter \A_WIDTH 5
    parameter \B_SIGNED 0
    parameter \A_SIGNED 0
    connect \Y $procmux$1100_CMP
    connect \B 5'00010
    connect \A \write_reg
  end

  attribute \full_case 1
  attribute \src "./../src/register_file.v:20.12-20.24|./../src/register_file.v:20.9-21.43"
  cell $mux $procmux$1067
    parameter \WIDTH 32
    connect \Y $procmux$1067_Y
    connect \S $procmux$1068_CMP
    connect \B $procmux$1065_Y
    connect \A \regs[3]
  end

  attribute \full_case 1
  attribute \src "./../src/register_file.v:0.0-0.0"
  cell $mux $procmux$1065
    parameter \WIDTH 32
    connect \Y $procmux$1065_Y
    connect \S $procmux$1066_CMP
    connect \B \write_data
    connect \A \regs[3]
  end

  attribute \full_case 1
  attribute \src "./../src/register_file.v:0.0-0.0"
  cell $eq $procmux$1066_CMP0
    parameter \Y_WIDTH 1
    parameter \B_WIDTH 5
    parameter \A_WIDTH 5
    parameter \B_SIGNED 0
    parameter \A_SIGNED 0
    connect \Y $procmux$1066_CMP
    connect \B 5'00011
    connect \A \write_reg
  end

  attribute \full_case 1
  attribute \src "./../src/register_file.v:20.12-20.24|./../src/register_file.v:20.9-21.43"
  cell $mux $procmux$1034
    parameter \WIDTH 32
    connect \Y $procmux$1034_Y
    connect \S $procmux$1035_CMP
    connect \B $procmux$1032_Y
    connect \A \regs[4]
  end

  attribute \full_case 1
  attribute \src "./../src/register_file.v:0.0-0.0"
  cell $mux $procmux$1032
    parameter \WIDTH 32
    connect \Y $procmux$1032_Y
    connect \S $procmux$1033_CMP
    connect \B \write_data
    connect \A \regs[4]
  end

  attribute \full_case 1
  attribute \src "./../src/register_file.v:0.0-0.0"
  cell $eq $procmux$1033_CMP0
    parameter \Y_WIDTH 1
    parameter \B_WIDTH 5
    parameter \A_WIDTH 5
    parameter \B_SIGNED 0
    parameter \A_SIGNED 0
    connect \Y $procmux$1033_CMP
    connect \B 5'00100
    connect \A \write_reg
  end

  attribute \full_case 1
  attribute \src "./../src/register_file.v:20.12-20.24|./../src/register_file.v:20.9-21.43"
  cell $mux $procmux$1002
    parameter \WIDTH 32
    connect \Y $procmux$1002_Y
    connect \S $procmux$1003_CMP
    connect \B $procmux$1000_Y
    connect \A \regs[5]
  end

  attribute \full_case 1
  attribute \src "./../src/register_file.v:0.0-0.0"
  cell $mux $procmux$1000
    parameter \WIDTH 32
    connect \Y $procmux$1000_Y
    connect \S $procmux$1001_CMP
    connect \B \write_data
    connect \A \regs[5]
  end

  attribute \full_case 1
  attribute \src "./../src/register_file.v:0.0-0.0"
  cell $eq $procmux$1001_CMP0
    parameter \Y_WIDTH 1
    parameter \B_WIDTH 5
    parameter \A_WIDTH 5
    parameter \B_SIGNED 0
    parameter \A_SIGNED 0
    connect \Y $procmux$1001_CMP
    connect \B 5'00101
    connect \A \write_reg
  end

  attribute \full_case 1
  attribute \src "./../src/register_file.v:20.12-20.24|./../src/register_file.v:20.9-21.43"
  cell $mux $procmux$971
    parameter \WIDTH 32
    connect \Y $procmux$971_Y
    connect \S $procmux$972_CMP
    connect \B $procmux$969_Y
    connect \A \regs[6]
  end

  attribute \full_case 1
  attribute \src "./../src/register_file.v:0.0-0.0"
  cell $mux $procmux$969
    parameter \WIDTH 32
    connect \Y $procmux$969_Y
    connect \S $procmux$970_CMP
    connect \B \write_data
    connect \A \regs[6]
  end

  attribute \full_case 1
  attribute \src "./../src/register_file.v:0.0-0.0"
  cell $eq $procmux$970_CMP0
    parameter \Y_WIDTH 1
    parameter \B_WIDTH 5
    parameter \A_WIDTH 5
    parameter \B_SIGNED 0
    parameter \A_SIGNED 0
    connect \Y $procmux$970_CMP
    connect \B 5'00110
    connect \A \write_reg
  end

  attribute \full_case 1
  attribute \src "./../src/register_file.v:20.12-20.24|./../src/register_file.v:20.9-21.43"
  cell $mux $procmux$941
    parameter \WIDTH 32
    connect \Y $procmux$941_Y
    connect \S $procmux$942_CMP
    connect \B $procmux$939_Y
    connect \A \regs[7]
  end

  attribute \full_case 1
  attribute \src "./../src/register_file.v:0.0-0.0"
  cell $mux $procmux$939
    parameter \WIDTH 32
    connect \Y $procmux$939_Y
    connect \S $procmux$940_CMP
    connect \B \write_data
    connect \A \regs[7]
  end

  attribute \full_case 1
  attribute \src "./../src/register_file.v:0.0-0.0"
  cell $eq $procmux$940_CMP0
    parameter \Y_WIDTH 1
    parameter \B_WIDTH 5
    parameter \A_WIDTH 5
    parameter \B_SIGNED 0
    parameter \A_SIGNED 0
    connect \Y $procmux$940_CMP
    connect \B 5'00111
    connect \A \write_reg
  end

  attribute \full_case 1
  attribute \src "./../src/register_file.v:20.12-20.24|./../src/register_file.v:20.9-21.43"
  cell $mux $procmux$912
    parameter \WIDTH 32
    connect \Y $procmux$912_Y
    connect \S $procmux$913_CMP
    connect \B $procmux$910_Y
    connect \A \regs[8]
  end

  attribute \full_case 1
  attribute \src "./../src/register_file.v:0.0-0.0"
  cell $mux $procmux$910
    parameter \WIDTH 32
    connect \Y $procmux$910_Y
    connect \S $procmux$911_CMP
    connect \B \write_data
    connect \A \regs[8]
  end

  attribute \full_case 1
  attribute \src "./../src/register_file.v:0.0-0.0"
  cell $eq $procmux$911_CMP0
    parameter \Y_WIDTH 1
    parameter \B_WIDTH 5
    parameter \A_WIDTH 5
    parameter \B_SIGNED 0
    parameter \A_SIGNED 0
    connect \Y $procmux$911_CMP
    connect \B 5'01000
    connect \A \write_reg
  end

  attribute \full_case 1
  attribute \src "./../src/register_file.v:20.12-20.24|./../src/register_file.v:20.9-21.43"
  cell $mux $procmux$884
    parameter \WIDTH 32
    connect \Y $procmux$884_Y
    connect \S $procmux$885_CMP
    connect \B $procmux$882_Y
    connect \A \regs[9]
  end

  attribute \full_case 1
  attribute \src "./../src/register_file.v:0.0-0.0"
  cell $mux $procmux$882
    parameter \WIDTH 32
    connect \Y $procmux$882_Y
    connect \S $procmux$883_CMP
    connect \B \write_data
    connect \A \regs[9]
  end

  attribute \full_case 1
  attribute \src "./../src/register_file.v:0.0-0.0"
  cell $eq $procmux$883_CMP0
    parameter \Y_WIDTH 1
    parameter \B_WIDTH 5
    parameter \A_WIDTH 5
    parameter \B_SIGNED 0
    parameter \A_SIGNED 0
    connect \Y $procmux$883_CMP
    connect \B 5'01001
    connect \A \write_reg
  end

  attribute \full_case 1
  attribute \src "./../src/register_file.v:20.12-20.24|./../src/register_file.v:20.9-21.43"
  cell $mux $procmux$857
    parameter \WIDTH 32
    connect \Y $procmux$857_Y
    connect \S $procmux$858_CMP
    connect \B $procmux$855_Y
    connect \A \regs[10]
  end

  attribute \full_case 1
  attribute \src "./../src/register_file.v:0.0-0.0"
  cell $mux $procmux$855
    parameter \WIDTH 32
    connect \Y $procmux$855_Y
    connect \S $procmux$856_CMP
    connect \B \write_data
    connect \A \regs[10]
  end

  attribute \full_case 1
  attribute \src "./../src/register_file.v:0.0-0.0"
  cell $eq $procmux$856_CMP0
    parameter \Y_WIDTH 1
    parameter \B_WIDTH 5
    parameter \A_WIDTH 5
    parameter \B_SIGNED 0
    parameter \A_SIGNED 0
    connect \Y $procmux$856_CMP
    connect \B 5'01010
    connect \A \write_reg
  end

  attribute \full_case 1
  attribute \src "./../src/register_file.v:20.12-20.24|./../src/register_file.v:20.9-21.43"
  cell $mux $procmux$831
    parameter \WIDTH 32
    connect \Y $procmux$831_Y
    connect \S $procmux$832_CMP
    connect \B $procmux$829_Y
    connect \A \regs[11]
  end

  attribute \full_case 1
  attribute \src "./../src/register_file.v:0.0-0.0"
  cell $mux $procmux$829
    parameter \WIDTH 32
    connect \Y $procmux$829_Y
    connect \S $procmux$830_CMP
    connect \B \write_data
    connect \A \regs[11]
  end

  attribute \full_case 1
  attribute \src "./../src/register_file.v:0.0-0.0"
  cell $eq $procmux$830_CMP0
    parameter \Y_WIDTH 1
    parameter \B_WIDTH 5
    parameter \A_WIDTH 5
    parameter \B_SIGNED 0
    parameter \A_SIGNED 0
    connect \Y $procmux$830_CMP
    connect \B 5'01011
    connect \A \write_reg
  end

  attribute \full_case 1
  attribute \src "./../src/register_file.v:20.12-20.24|./../src/register_file.v:20.9-21.43"
  cell $mux $procmux$806
    parameter \WIDTH 32
    connect \Y $procmux$806_Y
    connect \S $procmux$807_CMP
    connect \B $procmux$804_Y
    connect \A \regs[12]
  end

  attribute \full_case 1
  attribute \src "./../src/register_file.v:0.0-0.0"
  cell $mux $procmux$804
    parameter \WIDTH 32
    connect \Y $procmux$804_Y
    connect \S $procmux$805_CMP
    connect \B \write_data
    connect \A \regs[12]
  end

  attribute \full_case 1
  attribute \src "./../src/register_file.v:0.0-0.0"
  cell $eq $procmux$805_CMP0
    parameter \Y_WIDTH 1
    parameter \B_WIDTH 5
    parameter \A_WIDTH 5
    parameter \B_SIGNED 0
    parameter \A_SIGNED 0
    connect \Y $procmux$805_CMP
    connect \B 5'01100
    connect \A \write_reg
  end

  attribute \full_case 1
  attribute \src "./../src/register_file.v:20.12-20.24|./../src/register_file.v:20.9-21.43"
  cell $mux $procmux$782
    parameter \WIDTH 32
    connect \Y $procmux$782_Y
    connect \S $procmux$783_CMP
    connect \B $procmux$780_Y
    connect \A \regs[13]
  end

  attribute \full_case 1
  attribute \src "./../src/register_file.v:0.0-0.0"
  cell $mux $procmux$780
    parameter \WIDTH 32
    connect \Y $procmux$780_Y
    connect \S $procmux$781_CMP
    connect \B \write_data
    connect \A \regs[13]
  end

  attribute \full_case 1
  attribute \src "./../src/register_file.v:0.0-0.0"
  cell $eq $procmux$781_CMP0
    parameter \Y_WIDTH 1
    parameter \B_WIDTH 5
    parameter \A_WIDTH 5
    parameter \B_SIGNED 0
    parameter \A_SIGNED 0
    connect \Y $procmux$781_CMP
    connect \B 5'01101
    connect \A \write_reg
  end

  attribute \full_case 1
  attribute \src "./../src/register_file.v:20.12-20.24|./../src/register_file.v:20.9-21.43"
  cell $mux $procmux$759
    parameter \WIDTH 32
    connect \Y $procmux$759_Y
    connect \S $procmux$760_CMP
    connect \B $procmux$757_Y
    connect \A \regs[14]
  end

  attribute \full_case 1
  attribute \src "./../src/register_file.v:0.0-0.0"
  cell $mux $procmux$757
    parameter \WIDTH 32
    connect \Y $procmux$757_Y
    connect \S $procmux$758_CMP
    connect \B \write_data
    connect \A \regs[14]
  end

  attribute \full_case 1
  attribute \src "./../src/register_file.v:0.0-0.0"
  cell $eq $procmux$758_CMP0
    parameter \Y_WIDTH 1
    parameter \B_WIDTH 5
    parameter \A_WIDTH 5
    parameter \B_SIGNED 0
    parameter \A_SIGNED 0
    connect \Y $procmux$758_CMP
    connect \B 5'01110
    connect \A \write_reg
  end

  attribute \full_case 1
  attribute \src "./../src/register_file.v:20.12-20.24|./../src/register_file.v:20.9-21.43"
  cell $mux $procmux$737
    parameter \WIDTH 32
    connect \Y $procmux$737_Y
    connect \S $procmux$738_CMP
    connect \B $procmux$735_Y
    connect \A \regs[15]
  end

  attribute \full_case 1
  attribute \src "./../src/register_file.v:0.0-0.0"
  cell $mux $procmux$735
    parameter \WIDTH 32
    connect \Y $procmux$735_Y
    connect \S $procmux$736_CMP
    connect \B \write_data
    connect \A \regs[15]
  end

  attribute \full_case 1
  attribute \src "./../src/register_file.v:0.0-0.0"
  cell $eq $procmux$736_CMP0
    parameter \Y_WIDTH 1
    parameter \B_WIDTH 5
    parameter \A_WIDTH 5
    parameter \B_SIGNED 0
    parameter \A_SIGNED 0
    connect \Y $procmux$736_CMP
    connect \B 5'01111
    connect \A \write_reg
  end

  attribute \full_case 1
  attribute \src "./../src/register_file.v:20.12-20.24|./../src/register_file.v:20.9-21.43"
  cell $mux $procmux$716
    parameter \WIDTH 32
    connect \Y $procmux$716_Y
    connect \S $procmux$717_CMP
    connect \B $procmux$714_Y
    connect \A \regs[16]
  end

  attribute \full_case 1
  attribute \src "./../src/register_file.v:0.0-0.0"
  cell $mux $procmux$714
    parameter \WIDTH 32
    connect \Y $procmux$714_Y
    connect \S $procmux$715_CMP
    connect \B \write_data
    connect \A \regs[16]
  end

  attribute \full_case 1
  attribute \src "./../src/register_file.v:0.0-0.0"
  cell $eq $procmux$715_CMP0
    parameter \Y_WIDTH 1
    parameter \B_WIDTH 5
    parameter \A_WIDTH 5
    parameter \B_SIGNED 0
    parameter \A_SIGNED 0
    connect \Y $procmux$715_CMP
    connect \B 5'10000
    connect \A \write_reg
  end

  attribute \full_case 1
  attribute \src "./../src/register_file.v:20.12-20.24|./../src/register_file.v:20.9-21.43"
  cell $mux $procmux$696
    parameter \WIDTH 32
    connect \Y $procmux$696_Y
    connect \S $procmux$697_CMP
    connect \B $procmux$694_Y
    connect \A \regs[17]
  end

  attribute \full_case 1
  attribute \src "./../src/register_file.v:0.0-0.0"
  cell $mux $procmux$694
    parameter \WIDTH 32
    connect \Y $procmux$694_Y
    connect \S $procmux$695_CMP
    connect \B \write_data
    connect \A \regs[17]
  end

  attribute \full_case 1
  attribute \src "./../src/register_file.v:0.0-0.0"
  cell $eq $procmux$695_CMP0
    parameter \Y_WIDTH 1
    parameter \B_WIDTH 5
    parameter \A_WIDTH 5
    parameter \B_SIGNED 0
    parameter \A_SIGNED 0
    connect \Y $procmux$695_CMP
    connect \B 5'10001
    connect \A \write_reg
  end

  attribute \full_case 1
  attribute \src "./../src/register_file.v:20.12-20.24|./../src/register_file.v:20.9-21.43"
  cell $mux $procmux$677
    parameter \WIDTH 32
    connect \Y $procmux$677_Y
    connect \S $procmux$678_CMP
    connect \B $procmux$675_Y
    connect \A \regs[18]
  end

  attribute \full_case 1
  attribute \src "./../src/register_file.v:0.0-0.0"
  cell $mux $procmux$675
    parameter \WIDTH 32
    connect \Y $procmux$675_Y
    connect \S $procmux$676_CMP
    connect \B \write_data
    connect \A \regs[18]
  end

  attribute \full_case 1
  attribute \src "./../src/register_file.v:0.0-0.0"
  cell $eq $procmux$676_CMP0
    parameter \Y_WIDTH 1
    parameter \B_WIDTH 5
    parameter \A_WIDTH 5
    parameter \B_SIGNED 0
    parameter \A_SIGNED 0
    connect \Y $procmux$676_CMP
    connect \B 5'10010
    connect \A \write_reg
  end

  attribute \full_case 1
  attribute \src "./../src/register_file.v:20.12-20.24|./../src/register_file.v:20.9-21.43"
  cell $mux $procmux$659
    parameter \WIDTH 32
    connect \Y $procmux$659_Y
    connect \S $procmux$660_CMP
    connect \B $procmux$657_Y
    connect \A \regs[19]
  end

  attribute \full_case 1
  attribute \src "./../src/register_file.v:0.0-0.0"
  cell $mux $procmux$657
    parameter \WIDTH 32
    connect \Y $procmux$657_Y
    connect \S $procmux$658_CMP
    connect \B \write_data
    connect \A \regs[19]
  end

  attribute \full_case 1
  attribute \src "./../src/register_file.v:0.0-0.0"
  cell $eq $procmux$658_CMP0
    parameter \Y_WIDTH 1
    parameter \B_WIDTH 5
    parameter \A_WIDTH 5
    parameter \B_SIGNED 0
    parameter \A_SIGNED 0
    connect \Y $procmux$658_CMP
    connect \B 5'10011
    connect \A \write_reg
  end

  attribute \full_case 1
  attribute \src "./../src/register_file.v:20.12-20.24|./../src/register_file.v:20.9-21.43"
  cell $mux $procmux$642
    parameter \WIDTH 32
    connect \Y $procmux$642_Y
    connect \S $procmux$643_CMP
    connect \B $procmux$640_Y
    connect \A \regs[20]
  end

  attribute \full_case 1
  attribute \src "./../src/register_file.v:0.0-0.0"
  cell $mux $procmux$640
    parameter \WIDTH 32
    connect \Y $procmux$640_Y
    connect \S $procmux$641_CMP
    connect \B \write_data
    connect \A \regs[20]
  end

  attribute \full_case 1
  attribute \src "./../src/register_file.v:0.0-0.0"
  cell $eq $procmux$641_CMP0
    parameter \Y_WIDTH 1
    parameter \B_WIDTH 5
    parameter \A_WIDTH 5
    parameter \B_SIGNED 0
    parameter \A_SIGNED 0
    connect \Y $procmux$641_CMP
    connect \B 5'10100
    connect \A \write_reg
  end

  attribute \full_case 1
  attribute \src "./../src/register_file.v:20.12-20.24|./../src/register_file.v:20.9-21.43"
  cell $mux $procmux$626
    parameter \WIDTH 32
    connect \Y $procmux$626_Y
    connect \S $procmux$627_CMP
    connect \B $procmux$624_Y
    connect \A \regs[21]
  end

  attribute \full_case 1
  attribute \src "./../src/register_file.v:0.0-0.0"
  cell $mux $procmux$624
    parameter \WIDTH 32
    connect \Y $procmux$624_Y
    connect \S $procmux$625_CMP
    connect \B \write_data
    connect \A \regs[21]
  end

  attribute \full_case 1
  attribute \src "./../src/register_file.v:0.0-0.0"
  cell $eq $procmux$625_CMP0
    parameter \Y_WIDTH 1
    parameter \B_WIDTH 5
    parameter \A_WIDTH 5
    parameter \B_SIGNED 0
    parameter \A_SIGNED 0
    connect \Y $procmux$625_CMP
    connect \B 5'10101
    connect \A \write_reg
  end

  attribute \full_case 1
  attribute \src "./../src/register_file.v:20.12-20.24|./../src/register_file.v:20.9-21.43"
  cell $mux $procmux$611
    parameter \WIDTH 32
    connect \Y $procmux$611_Y
    connect \S $procmux$612_CMP
    connect \B $procmux$609_Y
    connect \A \regs[22]
  end

  attribute \full_case 1
  attribute \src "./../src/register_file.v:0.0-0.0"
  cell $mux $procmux$609
    parameter \WIDTH 32
    connect \Y $procmux$609_Y
    connect \S $procmux$610_CMP
    connect \B \write_data
    connect \A \regs[22]
  end

  attribute \full_case 1
  attribute \src "./../src/register_file.v:0.0-0.0"
  cell $eq $procmux$610_CMP0
    parameter \Y_WIDTH 1
    parameter \B_WIDTH 5
    parameter \A_WIDTH 5
    parameter \B_SIGNED 0
    parameter \A_SIGNED 0
    connect \Y $procmux$610_CMP
    connect \B 5'10110
    connect \A \write_reg
  end

  attribute \full_case 1
  attribute \src "./../src/register_file.v:20.12-20.24|./../src/register_file.v:20.9-21.43"
  cell $mux $procmux$597
    parameter \WIDTH 32
    connect \Y $procmux$597_Y
    connect \S $procmux$598_CMP
    connect \B $procmux$595_Y
    connect \A \regs[23]
  end

  attribute \full_case 1
  attribute \src "./../src/register_file.v:0.0-0.0"
  cell $mux $procmux$595
    parameter \WIDTH 32
    connect \Y $procmux$595_Y
    connect \S $procmux$596_CMP
    connect \B \write_data
    connect \A \regs[23]
  end

  attribute \full_case 1
  attribute \src "./../src/register_file.v:0.0-0.0"
  cell $eq $procmux$596_CMP0
    parameter \Y_WIDTH 1
    parameter \B_WIDTH 5
    parameter \A_WIDTH 5
    parameter \B_SIGNED 0
    parameter \A_SIGNED 0
    connect \Y $procmux$596_CMP
    connect \B 5'10111
    connect \A \write_reg
  end

  attribute \full_case 1
  attribute \src "./../src/register_file.v:20.12-20.24|./../src/register_file.v:20.9-21.43"
  cell $mux $procmux$584
    parameter \WIDTH 32
    connect \Y $procmux$584_Y
    connect \S $procmux$585_CMP
    connect \B $procmux$582_Y
    connect \A \regs[24]
  end

  attribute \full_case 1
  attribute \src "./../src/register_file.v:0.0-0.0"
  cell $mux $procmux$582
    parameter \WIDTH 32
    connect \Y $procmux$582_Y
    connect \S $procmux$583_CMP
    connect \B \write_data
    connect \A \regs[24]
  end

  attribute \full_case 1
  attribute \src "./../src/register_file.v:0.0-0.0"
  cell $eq $procmux$583_CMP0
    parameter \Y_WIDTH 1
    parameter \B_WIDTH 5
    parameter \A_WIDTH 5
    parameter \B_SIGNED 0
    parameter \A_SIGNED 0
    connect \Y $procmux$583_CMP
    connect \B 5'11000
    connect \A \write_reg
  end

  attribute \full_case 1
  attribute \src "./../src/register_file.v:20.12-20.24|./../src/register_file.v:20.9-21.43"
  cell $mux $procmux$572
    parameter \WIDTH 32
    connect \Y $procmux$572_Y
    connect \S $procmux$573_CMP
    connect \B $procmux$570_Y
    connect \A \regs[25]
  end

  attribute \full_case 1
  attribute \src "./../src/register_file.v:0.0-0.0"
  cell $mux $procmux$570
    parameter \WIDTH 32
    connect \Y $procmux$570_Y
    connect \S $procmux$571_CMP
    connect \B \write_data
    connect \A \regs[25]
  end

  attribute \full_case 1
  attribute \src "./../src/register_file.v:0.0-0.0"
  cell $eq $procmux$571_CMP0
    parameter \Y_WIDTH 1
    parameter \B_WIDTH 5
    parameter \A_WIDTH 5
    parameter \B_SIGNED 0
    parameter \A_SIGNED 0
    connect \Y $procmux$571_CMP
    connect \B 5'11001
    connect \A \write_reg
  end

  attribute \full_case 1
  attribute \src "./../src/register_file.v:20.12-20.24|./../src/register_file.v:20.9-21.43"
  cell $mux $procmux$561
    parameter \WIDTH 32
    connect \Y $procmux$561_Y
    connect \S $procmux$562_CMP
    connect \B $procmux$559_Y
    connect \A \regs[26]
  end

  attribute \full_case 1
  attribute \src "./../src/register_file.v:0.0-0.0"
  cell $mux $procmux$559
    parameter \WIDTH 32
    connect \Y $procmux$559_Y
    connect \S $procmux$560_CMP
    connect \B \write_data
    connect \A \regs[26]
  end

  attribute \full_case 1
  attribute \src "./../src/register_file.v:0.0-0.0"
  cell $eq $procmux$560_CMP0
    parameter \Y_WIDTH 1
    parameter \B_WIDTH 5
    parameter \A_WIDTH 5
    parameter \B_SIGNED 0
    parameter \A_SIGNED 0
    connect \Y $procmux$560_CMP
    connect \B 5'11010
    connect \A \write_reg
  end

  attribute \full_case 1
  attribute \src "./../src/register_file.v:20.12-20.24|./../src/register_file.v:20.9-21.43"
  cell $mux $procmux$551
    parameter \WIDTH 32
    connect \Y $procmux$551_Y
    connect \S $procmux$552_CMP
    connect \B $procmux$549_Y
    connect \A \regs[27]
  end

  attribute \full_case 1
  attribute \src "./../src/register_file.v:0.0-0.0"
  cell $mux $procmux$549
    parameter \WIDTH 32
    connect \Y $procmux$549_Y
    connect \S $procmux$550_CMP
    connect \B \write_data
    connect \A \regs[27]
  end

  attribute \full_case 1
  attribute \src "./../src/register_file.v:0.0-0.0"
  cell $eq $procmux$550_CMP0
    parameter \Y_WIDTH 1
    parameter \B_WIDTH 5
    parameter \A_WIDTH 5
    parameter \B_SIGNED 0
    parameter \A_SIGNED 0
    connect \Y $procmux$550_CMP
    connect \B 5'11011
    connect \A \write_reg
  end

  attribute \full_case 1
  attribute \src "./../src/register_file.v:20.12-20.24|./../src/register_file.v:20.9-21.43"
  cell $mux $procmux$542
    parameter \WIDTH 32
    connect \Y $procmux$542_Y
    connect \S $procmux$543_CMP
    connect \B $procmux$540_Y
    connect \A \regs[28]
  end

  attribute \full_case 1
  attribute \src "./../src/register_file.v:0.0-0.0"
  cell $mux $procmux$540
    parameter \WIDTH 32
    connect \Y $procmux$540_Y
    connect \S $procmux$541_CMP
    connect \B \write_data
    connect \A \regs[28]
  end

  attribute \full_case 1
  attribute \src "./../src/register_file.v:0.0-0.0"
  cell $eq $procmux$541_CMP0
    parameter \Y_WIDTH 1
    parameter \B_WIDTH 5
    parameter \A_WIDTH 5
    parameter \B_SIGNED 0
    parameter \A_SIGNED 0
    connect \Y $procmux$541_CMP
    connect \B 5'11100
    connect \A \write_reg
  end

  attribute \full_case 1
  attribute \src "./../src/register_file.v:20.12-20.24|./../src/register_file.v:20.9-21.43"
  cell $mux $procmux$534
    parameter \WIDTH 32
    connect \Y $procmux$534_Y
    connect \S $procmux$535_CMP
    connect \B $procmux$532_Y
    connect \A \regs[29]
  end

  attribute \full_case 1
  attribute \src "./../src/register_file.v:0.0-0.0"
  cell $mux $procmux$532
    parameter \WIDTH 32
    connect \Y $procmux$532_Y
    connect \S $procmux$533_CMP
    connect \B \write_data
    connect \A \regs[29]
  end

  attribute \full_case 1
  attribute \src "./../src/register_file.v:0.0-0.0"
  cell $eq $procmux$533_CMP0
    parameter \Y_WIDTH 1
    parameter \B_WIDTH 5
    parameter \A_WIDTH 5
    parameter \B_SIGNED 0
    parameter \A_SIGNED 0
    connect \Y $procmux$533_CMP
    connect \B 5'11101
    connect \A \write_reg
  end

  attribute \full_case 1
  attribute \src "./../src/register_file.v:20.12-20.24|./../src/register_file.v:20.9-21.43"
  cell $mux $procmux$527
    parameter \WIDTH 32
    connect \Y $procmux$527_Y
    connect \S $procmux$528_CMP
    connect \B $procmux$525_Y
    connect \A \regs[30]
  end

  attribute \full_case 1
  attribute \src "./../src/register_file.v:0.0-0.0"
  cell $mux $procmux$525
    parameter \WIDTH 32
    connect \Y $procmux$525_Y
    connect \S $procmux$526_CMP
    connect \B \write_data
    connect \A \regs[30]
  end

  attribute \full_case 1
  attribute \src "./../src/register_file.v:0.0-0.0"
  cell $eq $procmux$526_CMP0
    parameter \Y_WIDTH 1
    parameter \B_WIDTH 5
    parameter \A_WIDTH 5
    parameter \B_SIGNED 0
    parameter \A_SIGNED 0
    connect \Y $procmux$526_CMP
    connect \B 5'11110
    connect \A \write_reg
  end

  attribute \full_case 1
  attribute \src "./../src/register_file.v:20.12-20.24|./../src/register_file.v:20.9-21.43"
  cell $mux $procmux$521
    parameter \WIDTH 32
    connect \Y $procmux$521_Y
    connect \S $procmux$522_CMP
    connect \B $procmux$519_Y
    connect \A \regs[31]
  end

  attribute \full_case 1
  attribute \src "./../src/register_file.v:0.0-0.0"
  cell $mux $procmux$519
    parameter \WIDTH 32
    connect \Y $procmux$519_Y
    connect \S $procmux$520_CMP
    connect \B \write_data
    connect \A \regs[31]
  end

  attribute \full_case 1
  attribute \src "./../src/register_file.v:0.0-0.0"
  cell $eq $procmux$520_CMP0
    parameter \Y_WIDTH 1
    parameter \B_WIDTH 5
    parameter \A_WIDTH 5
    parameter \B_SIGNED 0
    parameter \A_SIGNED 0
    connect \Y $procmux$520_CMP
    connect \B 5'11111
    connect \A \write_reg
  end

  attribute \full_case 1
  attribute \src "./../src/register_file.v:20.12-20.24|./../src/register_file.v:20.9-21.43"
  cell $mux $procmux$516
    parameter \WIDTH 32
    connect \Y $procmux$516_Y
    connect \S $procmux$517_CMP
    connect \B \write_data
    connect \A $mem2reg_wr$\regs$./../src/register_file.v:21$291_DATA
  end

  attribute \full_case 1
  attribute \src "./../src/register_file.v:20.12-20.24|./../src/register_file.v:20.9-21.43"
  cell $mux $procmux$513
    parameter \WIDTH 5
    connect \Y $procmux$513_Y
    connect \S $procmux$514_CMP
    connect \B \write_reg
    connect \A $mem2reg_wr$\regs$./../src/register_file.v:21$291_ADDR
  end

  attribute \full_case 1
  attribute \src "./../src/register_file.v:0.0-0.0"
  cell $eq $procmux$511_CMP0
    parameter \Y_WIDTH 1
    parameter \B_WIDTH 5
    parameter \A_WIDTH 5
    parameter \B_SIGNED 0
    parameter \A_SIGNED 0
    connect \Y $procmux$511_CMP
    connect \B 5'00000
    connect \A $mem2reg_rd$\regs$./../src/register_file.v:60$292_ADDR
  end

  attribute \full_case 1
  attribute \src "./../src/register_file.v:0.0-0.0"
  cell $eq $procmux$510_CMP0
    parameter \Y_WIDTH 1
    parameter \B_WIDTH 5
    parameter \A_WIDTH 5
    parameter \B_SIGNED 0
    parameter \A_SIGNED 0
    connect \Y $procmux$510_CMP
    connect \B 5'00001
    connect \A $mem2reg_rd$\regs$./../src/register_file.v:60$292_ADDR
  end

  attribute \full_case 1
  attribute \src "./../src/register_file.v:0.0-0.0"
  cell $eq $procmux$509_CMP0
    parameter \Y_WIDTH 1
    parameter \B_WIDTH 5
    parameter \A_WIDTH 5
    parameter \B_SIGNED 0
    parameter \A_SIGNED 0
    connect \Y $procmux$509_CMP
    connect \B 5'00010
    connect \A $mem2reg_rd$\regs$./../src/register_file.v:60$292_ADDR
  end

  attribute \full_case 1
  attribute \src "./../src/register_file.v:0.0-0.0"
  cell $eq $procmux$508_CMP0
    parameter \Y_WIDTH 1
    parameter \B_WIDTH 5
    parameter \A_WIDTH 5
    parameter \B_SIGNED 0
    parameter \A_SIGNED 0
    connect \Y $procmux$508_CMP
    connect \B 5'00011
    connect \A $mem2reg_rd$\regs$./../src/register_file.v:60$292_ADDR
  end

  attribute \full_case 1
  attribute \src "./../src/register_file.v:0.0-0.0"
  cell $eq $procmux$507_CMP0
    parameter \Y_WIDTH 1
    parameter \B_WIDTH 5
    parameter \A_WIDTH 5
    parameter \B_SIGNED 0
    parameter \A_SIGNED 0
    connect \Y $procmux$507_CMP
    connect \B 5'00100
    connect \A $mem2reg_rd$\regs$./../src/register_file.v:60$292_ADDR
  end

  attribute \full_case 1
  attribute \src "./../src/register_file.v:0.0-0.0"
  cell $eq $procmux$506_CMP0
    parameter \Y_WIDTH 1
    parameter \B_WIDTH 5
    parameter \A_WIDTH 5
    parameter \B_SIGNED 0
    parameter \A_SIGNED 0
    connect \Y $procmux$506_CMP
    connect \B 5'00101
    connect \A $mem2reg_rd$\regs$./../src/register_file.v:60$292_ADDR
  end

  attribute \full_case 1
  attribute \src "./../src/register_file.v:0.0-0.0"
  cell $eq $procmux$505_CMP0
    parameter \Y_WIDTH 1
    parameter \B_WIDTH 5
    parameter \A_WIDTH 5
    parameter \B_SIGNED 0
    parameter \A_SIGNED 0
    connect \Y $procmux$505_CMP
    connect \B 5'00110
    connect \A $mem2reg_rd$\regs$./../src/register_file.v:60$292_ADDR
  end

  attribute \full_case 1
  attribute \src "./../src/register_file.v:0.0-0.0"
  cell $eq $procmux$504_CMP0
    parameter \Y_WIDTH 1
    parameter \B_WIDTH 5
    parameter \A_WIDTH 5
    parameter \B_SIGNED 0
    parameter \A_SIGNED 0
    connect \Y $procmux$504_CMP
    connect \B 5'00111
    connect \A $mem2reg_rd$\regs$./../src/register_file.v:60$292_ADDR
  end

  attribute \full_case 1
  attribute \src "./../src/register_file.v:0.0-0.0"
  cell $eq $procmux$503_CMP0
    parameter \Y_WIDTH 1
    parameter \B_WIDTH 5
    parameter \A_WIDTH 5
    parameter \B_SIGNED 0
    parameter \A_SIGNED 0
    connect \Y $procmux$503_CMP
    connect \B 5'01000
    connect \A $mem2reg_rd$\regs$./../src/register_file.v:60$292_ADDR
  end

  attribute \full_case 1
  attribute \src "./../src/register_file.v:0.0-0.0"
  cell $eq $procmux$502_CMP0
    parameter \Y_WIDTH 1
    parameter \B_WIDTH 5
    parameter \A_WIDTH 5
    parameter \B_SIGNED 0
    parameter \A_SIGNED 0
    connect \Y $procmux$502_CMP
    connect \B 5'01001
    connect \A $mem2reg_rd$\regs$./../src/register_file.v:60$292_ADDR
  end

  attribute \full_case 1
  attribute \src "./../src/register_file.v:0.0-0.0"
  cell $eq $procmux$501_CMP0
    parameter \Y_WIDTH 1
    parameter \B_WIDTH 5
    parameter \A_WIDTH 5
    parameter \B_SIGNED 0
    parameter \A_SIGNED 0
    connect \Y $procmux$501_CMP
    connect \B 5'01010
    connect \A $mem2reg_rd$\regs$./../src/register_file.v:60$292_ADDR
  end

  attribute \full_case 1
  attribute \src "./../src/register_file.v:0.0-0.0"
  cell $eq $procmux$500_CMP0
    parameter \Y_WIDTH 1
    parameter \B_WIDTH 5
    parameter \A_WIDTH 5
    parameter \B_SIGNED 0
    parameter \A_SIGNED 0
    connect \Y $procmux$500_CMP
    connect \B 5'01011
    connect \A $mem2reg_rd$\regs$./../src/register_file.v:60$292_ADDR
  end

  attribute \full_case 1
  attribute \src "./../src/register_file.v:0.0-0.0"
  cell $eq $procmux$499_CMP0
    parameter \Y_WIDTH 1
    parameter \B_WIDTH 5
    parameter \A_WIDTH 5
    parameter \B_SIGNED 0
    parameter \A_SIGNED 0
    connect \Y $procmux$499_CMP
    connect \B 5'01100
    connect \A $mem2reg_rd$\regs$./../src/register_file.v:60$292_ADDR
  end

  attribute \full_case 1
  attribute \src "./../src/register_file.v:0.0-0.0"
  cell $eq $procmux$498_CMP0
    parameter \Y_WIDTH 1
    parameter \B_WIDTH 5
    parameter \A_WIDTH 5
    parameter \B_SIGNED 0
    parameter \A_SIGNED 0
    connect \Y $procmux$498_CMP
    connect \B 5'01101
    connect \A $mem2reg_rd$\regs$./../src/register_file.v:60$292_ADDR
  end

  attribute \full_case 1
  attribute \src "./../src/register_file.v:0.0-0.0"
  cell $eq $procmux$497_CMP0
    parameter \Y_WIDTH 1
    parameter \B_WIDTH 5
    parameter \A_WIDTH 5
    parameter \B_SIGNED 0
    parameter \A_SIGNED 0
    connect \Y $procmux$497_CMP
    connect \B 5'01110
    connect \A $mem2reg_rd$\regs$./../src/register_file.v:60$292_ADDR
  end

  attribute \full_case 1
  attribute \src "./../src/register_file.v:0.0-0.0"
  cell $eq $procmux$496_CMP0
    parameter \Y_WIDTH 1
    parameter \B_WIDTH 5
    parameter \A_WIDTH 5
    parameter \B_SIGNED 0
    parameter \A_SIGNED 0
    connect \Y $procmux$496_CMP
    connect \B 5'01111
    connect \A $mem2reg_rd$\regs$./../src/register_file.v:60$292_ADDR
  end

  attribute \full_case 1
  attribute \src "./../src/register_file.v:0.0-0.0"
  cell $eq $procmux$495_CMP0
    parameter \Y_WIDTH 1
    parameter \B_WIDTH 5
    parameter \A_WIDTH 5
    parameter \B_SIGNED 0
    parameter \A_SIGNED 0
    connect \Y $procmux$495_CMP
    connect \B 5'10000
    connect \A $mem2reg_rd$\regs$./../src/register_file.v:60$292_ADDR
  end

  attribute \full_case 1
  attribute \src "./../src/register_file.v:0.0-0.0"
  cell $eq $procmux$494_CMP0
    parameter \Y_WIDTH 1
    parameter \B_WIDTH 5
    parameter \A_WIDTH 5
    parameter \B_SIGNED 0
    parameter \A_SIGNED 0
    connect \Y $procmux$494_CMP
    connect \B 5'10001
    connect \A $mem2reg_rd$\regs$./../src/register_file.v:60$292_ADDR
  end

  attribute \full_case 1
  attribute \src "./../src/register_file.v:0.0-0.0"
  cell $eq $procmux$493_CMP0
    parameter \Y_WIDTH 1
    parameter \B_WIDTH 5
    parameter \A_WIDTH 5
    parameter \B_SIGNED 0
    parameter \A_SIGNED 0
    connect \Y $procmux$493_CMP
    connect \B 5'10010
    connect \A $mem2reg_rd$\regs$./../src/register_file.v:60$292_ADDR
  end

  attribute \full_case 1
  attribute \src "./../src/register_file.v:0.0-0.0"
  cell $eq $procmux$492_CMP0
    parameter \Y_WIDTH 1
    parameter \B_WIDTH 5
    parameter \A_WIDTH 5
    parameter \B_SIGNED 0
    parameter \A_SIGNED 0
    connect \Y $procmux$492_CMP
    connect \B 5'10011
    connect \A $mem2reg_rd$\regs$./../src/register_file.v:60$292_ADDR
  end

  attribute \full_case 1
  attribute \src "./../src/register_file.v:0.0-0.0"
  cell $eq $procmux$491_CMP0
    parameter \Y_WIDTH 1
    parameter \B_WIDTH 5
    parameter \A_WIDTH 5
    parameter \B_SIGNED 0
    parameter \A_SIGNED 0
    connect \Y $procmux$491_CMP
    connect \B 5'10100
    connect \A $mem2reg_rd$\regs$./../src/register_file.v:60$292_ADDR
  end

  attribute \full_case 1
  attribute \src "./../src/register_file.v:0.0-0.0"
  cell $eq $procmux$490_CMP0
    parameter \Y_WIDTH 1
    parameter \B_WIDTH 5
    parameter \A_WIDTH 5
    parameter \B_SIGNED 0
    parameter \A_SIGNED 0
    connect \Y $procmux$490_CMP
    connect \B 5'10101
    connect \A $mem2reg_rd$\regs$./../src/register_file.v:60$292_ADDR
  end

  attribute \full_case 1
  attribute \src "./../src/register_file.v:0.0-0.0"
  cell $eq $procmux$489_CMP0
    parameter \Y_WIDTH 1
    parameter \B_WIDTH 5
    parameter \A_WIDTH 5
    parameter \B_SIGNED 0
    parameter \A_SIGNED 0
    connect \Y $procmux$489_CMP
    connect \B 5'10110
    connect \A $mem2reg_rd$\regs$./../src/register_file.v:60$292_ADDR
  end

  attribute \full_case 1
  attribute \src "./../src/register_file.v:0.0-0.0"
  cell $eq $procmux$488_CMP0
    parameter \Y_WIDTH 1
    parameter \B_WIDTH 5
    parameter \A_WIDTH 5
    parameter \B_SIGNED 0
    parameter \A_SIGNED 0
    connect \Y $procmux$488_CMP
    connect \B 5'10111
    connect \A $mem2reg_rd$\regs$./../src/register_file.v:60$292_ADDR
  end

  attribute \full_case 1
  attribute \src "./../src/register_file.v:0.0-0.0"
  cell $eq $procmux$487_CMP0
    parameter \Y_WIDTH 1
    parameter \B_WIDTH 5
    parameter \A_WIDTH 5
    parameter \B_SIGNED 0
    parameter \A_SIGNED 0
    connect \Y $procmux$487_CMP
    connect \B 5'11000
    connect \A $mem2reg_rd$\regs$./../src/register_file.v:60$292_ADDR
  end

  attribute \full_case 1
  attribute \src "./../src/register_file.v:0.0-0.0"
  cell $eq $procmux$486_CMP0
    parameter \Y_WIDTH 1
    parameter \B_WIDTH 5
    parameter \A_WIDTH 5
    parameter \B_SIGNED 0
    parameter \A_SIGNED 0
    connect \Y $procmux$486_CMP
    connect \B 5'11001
    connect \A $mem2reg_rd$\regs$./../src/register_file.v:60$292_ADDR
  end

  attribute \full_case 1
  attribute \src "./../src/register_file.v:0.0-0.0"
  cell $eq $procmux$485_CMP0
    parameter \Y_WIDTH 1
    parameter \B_WIDTH 5
    parameter \A_WIDTH 5
    parameter \B_SIGNED 0
    parameter \A_SIGNED 0
    connect \Y $procmux$485_CMP
    connect \B 5'11010
    connect \A $mem2reg_rd$\regs$./../src/register_file.v:60$292_ADDR
  end

  attribute \full_case 1
  attribute \src "./../src/register_file.v:0.0-0.0"
  cell $eq $procmux$484_CMP0
    parameter \Y_WIDTH 1
    parameter \B_WIDTH 5
    parameter \A_WIDTH 5
    parameter \B_SIGNED 0
    parameter \A_SIGNED 0
    connect \Y $procmux$484_CMP
    connect \B 5'11011
    connect \A $mem2reg_rd$\regs$./../src/register_file.v:60$292_ADDR
  end

  attribute \full_case 1
  attribute \src "./../src/register_file.v:0.0-0.0"
  cell $eq $procmux$483_CMP0
    parameter \Y_WIDTH 1
    parameter \B_WIDTH 5
    parameter \A_WIDTH 5
    parameter \B_SIGNED 0
    parameter \A_SIGNED 0
    connect \Y $procmux$483_CMP
    connect \B 5'11100
    connect \A $mem2reg_rd$\regs$./../src/register_file.v:60$292_ADDR
  end

  attribute \full_case 1
  attribute \src "./../src/register_file.v:0.0-0.0"
  cell $eq $procmux$482_CMP0
    parameter \Y_WIDTH 1
    parameter \B_WIDTH 5
    parameter \A_WIDTH 5
    parameter \B_SIGNED 0
    parameter \A_SIGNED 0
    connect \Y $procmux$482_CMP
    connect \B 5'11101
    connect \A $mem2reg_rd$\regs$./../src/register_file.v:60$292_ADDR
  end

  attribute \full_case 1
  attribute \src "./../src/register_file.v:0.0-0.0"
  cell $eq $procmux$481_CMP0
    parameter \Y_WIDTH 1
    parameter \B_WIDTH 5
    parameter \A_WIDTH 5
    parameter \B_SIGNED 0
    parameter \A_SIGNED 0
    connect \Y $procmux$481_CMP
    connect \B 5'11110
    connect \A $mem2reg_rd$\regs$./../src/register_file.v:60$292_ADDR
  end

  attribute \full_case 1
  attribute \src "./../src/register_file.v:0.0-0.0"
  cell $pmux $procmux$479
    parameter \S_WIDTH 32
    parameter \WIDTH 32
    connect \Y $procmux$479_Y
    connect \S { $procmux$511_CMP $procmux$510_CMP $procmux$509_CMP $procmux$508_CMP $procmux$507_CMP $procmux$506_CMP $procmux$505_CMP $procmux$504_CMP $procmux$503_CMP $procmux$502_CMP $procmux$501_CMP $procmux$500_CMP $procmux$499_CMP $procmux$498_CMP $procmux$497_CMP $procmux$496_CMP $procmux$495_CMP $procmux$494_CMP $procmux$493_CMP $procmux$492_CMP $procmux$491_CMP $procmux$490_CMP $procmux$489_CMP $procmux$488_CMP $procmux$487_CMP $procmux$486_CMP $procmux$485_CMP $procmux$484_CMP $procmux$483_CMP $procmux$482_CMP $procmux$481_CMP $procmux$480_CMP }
    connect \B { \regs[0] \regs[1] \regs[2] \regs[3] \regs[4] \regs[5] \regs[6] \regs[7] \regs[8] \regs[9] \regs[10] \regs[11] \regs[12] \regs[13] \regs[14] \regs[15] \regs[16] \regs[17] \regs[18] \regs[19] \regs[20] \regs[21] \regs[22] \regs[23] \regs[24] \regs[25] \regs[26] \regs[27] \regs[28] \regs[29] \regs[30] \regs[31] }
    connect \A 32'xxxxxxxxxxxxxxxxxxxxxxxxxxxxxxxx
  end

  attribute \full_case 1
  attribute \src "./../src/register_file.v:0.0-0.0"
  cell $eq $procmux$480_CMP0
    parameter \Y_WIDTH 1
    parameter \B_WIDTH 5
    parameter \A_WIDTH 5
    parameter \B_SIGNED 0
    parameter \A_SIGNED 0
    connect \Y $procmux$480_CMP
    connect \B 5'11111
    connect \A $mem2reg_rd$\regs$./../src/register_file.v:60$292_ADDR
  end

  attribute \full_case 1
  attribute \src "./../src/register_file.v:0.0-0.0"
  cell $eq $procmux$478_CMP0
    parameter \Y_WIDTH 1
    parameter \B_WIDTH 5
    parameter \A_WIDTH 5
    parameter \B_SIGNED 0
    parameter \A_SIGNED 0
    connect \Y $procmux$478_CMP
    connect \B 5'00000
    connect \A $mem2reg_rd$\regs$./../src/register_file.v:61$293_ADDR
  end

  attribute \full_case 1
  attribute \src "./../src/register_file.v:0.0-0.0"
  cell $eq $procmux$477_CMP0
    parameter \Y_WIDTH 1
    parameter \B_WIDTH 5
    parameter \A_WIDTH 5
    parameter \B_SIGNED 0
    parameter \A_SIGNED 0
    connect \Y $procmux$477_CMP
    connect \B 5'00001
    connect \A $mem2reg_rd$\regs$./../src/register_file.v:61$293_ADDR
  end

  attribute \full_case 1
  attribute \src "./../src/register_file.v:0.0-0.0"
  cell $eq $procmux$476_CMP0
    parameter \Y_WIDTH 1
    parameter \B_WIDTH 5
    parameter \A_WIDTH 5
    parameter \B_SIGNED 0
    parameter \A_SIGNED 0
    connect \Y $procmux$476_CMP
    connect \B 5'00010
    connect \A $mem2reg_rd$\regs$./../src/register_file.v:61$293_ADDR
  end

  attribute \full_case 1
  attribute \src "./../src/register_file.v:0.0-0.0"
  cell $eq $procmux$475_CMP0
    parameter \Y_WIDTH 1
    parameter \B_WIDTH 5
    parameter \A_WIDTH 5
    parameter \B_SIGNED 0
    parameter \A_SIGNED 0
    connect \Y $procmux$475_CMP
    connect \B 5'00011
    connect \A $mem2reg_rd$\regs$./../src/register_file.v:61$293_ADDR
  end

  attribute \full_case 1
  attribute \src "./../src/register_file.v:0.0-0.0"
  cell $eq $procmux$474_CMP0
    parameter \Y_WIDTH 1
    parameter \B_WIDTH 5
    parameter \A_WIDTH 5
    parameter \B_SIGNED 0
    parameter \A_SIGNED 0
    connect \Y $procmux$474_CMP
    connect \B 5'00100
    connect \A $mem2reg_rd$\regs$./../src/register_file.v:61$293_ADDR
  end

  attribute \full_case 1
  attribute \src "./../src/register_file.v:0.0-0.0"
  cell $eq $procmux$473_CMP0
    parameter \Y_WIDTH 1
    parameter \B_WIDTH 5
    parameter \A_WIDTH 5
    parameter \B_SIGNED 0
    parameter \A_SIGNED 0
    connect \Y $procmux$473_CMP
    connect \B 5'00101
    connect \A $mem2reg_rd$\regs$./../src/register_file.v:61$293_ADDR
  end

  attribute \full_case 1
  attribute \src "./../src/register_file.v:0.0-0.0"
  cell $eq $procmux$472_CMP0
    parameter \Y_WIDTH 1
    parameter \B_WIDTH 5
    parameter \A_WIDTH 5
    parameter \B_SIGNED 0
    parameter \A_SIGNED 0
    connect \Y $procmux$472_CMP
    connect \B 5'00110
    connect \A $mem2reg_rd$\regs$./../src/register_file.v:61$293_ADDR
  end

  attribute \full_case 1
  attribute \src "./../src/register_file.v:0.0-0.0"
  cell $eq $procmux$471_CMP0
    parameter \Y_WIDTH 1
    parameter \B_WIDTH 5
    parameter \A_WIDTH 5
    parameter \B_SIGNED 0
    parameter \A_SIGNED 0
    connect \Y $procmux$471_CMP
    connect \B 5'00111
    connect \A $mem2reg_rd$\regs$./../src/register_file.v:61$293_ADDR
  end

  attribute \full_case 1
  attribute \src "./../src/register_file.v:0.0-0.0"
  cell $eq $procmux$470_CMP0
    parameter \Y_WIDTH 1
    parameter \B_WIDTH 5
    parameter \A_WIDTH 5
    parameter \B_SIGNED 0
    parameter \A_SIGNED 0
    connect \Y $procmux$470_CMP
    connect \B 5'01000
    connect \A $mem2reg_rd$\regs$./../src/register_file.v:61$293_ADDR
  end

  attribute \full_case 1
  attribute \src "./../src/register_file.v:0.0-0.0"
  cell $eq $procmux$469_CMP0
    parameter \Y_WIDTH 1
    parameter \B_WIDTH 5
    parameter \A_WIDTH 5
    parameter \B_SIGNED 0
    parameter \A_SIGNED 0
    connect \Y $procmux$469_CMP
    connect \B 5'01001
    connect \A $mem2reg_rd$\regs$./../src/register_file.v:61$293_ADDR
  end

  attribute \full_case 1
  attribute \src "./../src/register_file.v:0.0-0.0"
  cell $eq $procmux$468_CMP0
    parameter \Y_WIDTH 1
    parameter \B_WIDTH 5
    parameter \A_WIDTH 5
    parameter \B_SIGNED 0
    parameter \A_SIGNED 0
    connect \Y $procmux$468_CMP
    connect \B 5'01010
    connect \A $mem2reg_rd$\regs$./../src/register_file.v:61$293_ADDR
  end

  attribute \full_case 1
  attribute \src "./../src/register_file.v:0.0-0.0"
  cell $eq $procmux$467_CMP0
    parameter \Y_WIDTH 1
    parameter \B_WIDTH 5
    parameter \A_WIDTH 5
    parameter \B_SIGNED 0
    parameter \A_SIGNED 0
    connect \Y $procmux$467_CMP
    connect \B 5'01011
    connect \A $mem2reg_rd$\regs$./../src/register_file.v:61$293_ADDR
  end

  attribute \full_case 1
  attribute \src "./../src/register_file.v:0.0-0.0"
  cell $eq $procmux$466_CMP0
    parameter \Y_WIDTH 1
    parameter \B_WIDTH 5
    parameter \A_WIDTH 5
    parameter \B_SIGNED 0
    parameter \A_SIGNED 0
    connect \Y $procmux$466_CMP
    connect \B 5'01100
    connect \A $mem2reg_rd$\regs$./../src/register_file.v:61$293_ADDR
  end

  attribute \full_case 1
  attribute \src "./../src/register_file.v:0.0-0.0"
  cell $eq $procmux$465_CMP0
    parameter \Y_WIDTH 1
    parameter \B_WIDTH 5
    parameter \A_WIDTH 5
    parameter \B_SIGNED 0
    parameter \A_SIGNED 0
    connect \Y $procmux$465_CMP
    connect \B 5'01101
    connect \A $mem2reg_rd$\regs$./../src/register_file.v:61$293_ADDR
  end

  attribute \full_case 1
  attribute \src "./../src/register_file.v:0.0-0.0"
  cell $eq $procmux$464_CMP0
    parameter \Y_WIDTH 1
    parameter \B_WIDTH 5
    parameter \A_WIDTH 5
    parameter \B_SIGNED 0
    parameter \A_SIGNED 0
    connect \Y $procmux$464_CMP
    connect \B 5'01110
    connect \A $mem2reg_rd$\regs$./../src/register_file.v:61$293_ADDR
  end

  attribute \full_case 1
  attribute \src "./../src/register_file.v:0.0-0.0"
  cell $eq $procmux$463_CMP0
    parameter \Y_WIDTH 1
    parameter \B_WIDTH 5
    parameter \A_WIDTH 5
    parameter \B_SIGNED 0
    parameter \A_SIGNED 0
    connect \Y $procmux$463_CMP
    connect \B 5'01111
    connect \A $mem2reg_rd$\regs$./../src/register_file.v:61$293_ADDR
  end

  attribute \full_case 1
  attribute \src "./../src/register_file.v:0.0-0.0"
  cell $eq $procmux$462_CMP0
    parameter \Y_WIDTH 1
    parameter \B_WIDTH 5
    parameter \A_WIDTH 5
    parameter \B_SIGNED 0
    parameter \A_SIGNED 0
    connect \Y $procmux$462_CMP
    connect \B 5'10000
    connect \A $mem2reg_rd$\regs$./../src/register_file.v:61$293_ADDR
  end

  attribute \full_case 1
  attribute \src "./../src/register_file.v:0.0-0.0"
  cell $eq $procmux$461_CMP0
    parameter \Y_WIDTH 1
    parameter \B_WIDTH 5
    parameter \A_WIDTH 5
    parameter \B_SIGNED 0
    parameter \A_SIGNED 0
    connect \Y $procmux$461_CMP
    connect \B 5'10001
    connect \A $mem2reg_rd$\regs$./../src/register_file.v:61$293_ADDR
  end

  attribute \full_case 1
  attribute \src "./../src/register_file.v:0.0-0.0"
  cell $eq $procmux$460_CMP0
    parameter \Y_WIDTH 1
    parameter \B_WIDTH 5
    parameter \A_WIDTH 5
    parameter \B_SIGNED 0
    parameter \A_SIGNED 0
    connect \Y $procmux$460_CMP
    connect \B 5'10010
    connect \A $mem2reg_rd$\regs$./../src/register_file.v:61$293_ADDR
  end

  attribute \full_case 1
  attribute \src "./../src/register_file.v:0.0-0.0"
  cell $eq $procmux$459_CMP0
    parameter \Y_WIDTH 1
    parameter \B_WIDTH 5
    parameter \A_WIDTH 5
    parameter \B_SIGNED 0
    parameter \A_SIGNED 0
    connect \Y $procmux$459_CMP
    connect \B 5'10011
    connect \A $mem2reg_rd$\regs$./../src/register_file.v:61$293_ADDR
  end

  attribute \full_case 1
  attribute \src "./../src/register_file.v:0.0-0.0"
  cell $eq $procmux$458_CMP0
    parameter \Y_WIDTH 1
    parameter \B_WIDTH 5
    parameter \A_WIDTH 5
    parameter \B_SIGNED 0
    parameter \A_SIGNED 0
    connect \Y $procmux$458_CMP
    connect \B 5'10100
    connect \A $mem2reg_rd$\regs$./../src/register_file.v:61$293_ADDR
  end

  attribute \full_case 1
  attribute \src "./../src/register_file.v:0.0-0.0"
  cell $eq $procmux$457_CMP0
    parameter \Y_WIDTH 1
    parameter \B_WIDTH 5
    parameter \A_WIDTH 5
    parameter \B_SIGNED 0
    parameter \A_SIGNED 0
    connect \Y $procmux$457_CMP
    connect \B 5'10101
    connect \A $mem2reg_rd$\regs$./../src/register_file.v:61$293_ADDR
  end

  attribute \full_case 1
  attribute \src "./../src/register_file.v:0.0-0.0"
  cell $eq $procmux$456_CMP0
    parameter \Y_WIDTH 1
    parameter \B_WIDTH 5
    parameter \A_WIDTH 5
    parameter \B_SIGNED 0
    parameter \A_SIGNED 0
    connect \Y $procmux$456_CMP
    connect \B 5'10110
    connect \A $mem2reg_rd$\regs$./../src/register_file.v:61$293_ADDR
  end

  attribute \full_case 1
  attribute \src "./../src/register_file.v:0.0-0.0"
  cell $eq $procmux$455_CMP0
    parameter \Y_WIDTH 1
    parameter \B_WIDTH 5
    parameter \A_WIDTH 5
    parameter \B_SIGNED 0
    parameter \A_SIGNED 0
    connect \Y $procmux$455_CMP
    connect \B 5'10111
    connect \A $mem2reg_rd$\regs$./../src/register_file.v:61$293_ADDR
  end

  attribute \full_case 1
  attribute \src "./../src/register_file.v:0.0-0.0"
  cell $eq $procmux$454_CMP0
    parameter \Y_WIDTH 1
    parameter \B_WIDTH 5
    parameter \A_WIDTH 5
    parameter \B_SIGNED 0
    parameter \A_SIGNED 0
    connect \Y $procmux$454_CMP
    connect \B 5'11000
    connect \A $mem2reg_rd$\regs$./../src/register_file.v:61$293_ADDR
  end

  attribute \full_case 1
  attribute \src "./../src/register_file.v:0.0-0.0"
  cell $eq $procmux$453_CMP0
    parameter \Y_WIDTH 1
    parameter \B_WIDTH 5
    parameter \A_WIDTH 5
    parameter \B_SIGNED 0
    parameter \A_SIGNED 0
    connect \Y $procmux$453_CMP
    connect \B 5'11001
    connect \A $mem2reg_rd$\regs$./../src/register_file.v:61$293_ADDR
  end

  attribute \full_case 1
  attribute \src "./../src/register_file.v:0.0-0.0"
  cell $eq $procmux$452_CMP0
    parameter \Y_WIDTH 1
    parameter \B_WIDTH 5
    parameter \A_WIDTH 5
    parameter \B_SIGNED 0
    parameter \A_SIGNED 0
    connect \Y $procmux$452_CMP
    connect \B 5'11010
    connect \A $mem2reg_rd$\regs$./../src/register_file.v:61$293_ADDR
  end

  attribute \full_case 1
  attribute \src "./../src/register_file.v:0.0-0.0"
  cell $eq $procmux$451_CMP0
    parameter \Y_WIDTH 1
    parameter \B_WIDTH 5
    parameter \A_WIDTH 5
    parameter \B_SIGNED 0
    parameter \A_SIGNED 0
    connect \Y $procmux$451_CMP
    connect \B 5'11011
    connect \A $mem2reg_rd$\regs$./../src/register_file.v:61$293_ADDR
  end

  attribute \full_case 1
  attribute \src "./../src/register_file.v:0.0-0.0"
  cell $eq $procmux$450_CMP0
    parameter \Y_WIDTH 1
    parameter \B_WIDTH 5
    parameter \A_WIDTH 5
    parameter \B_SIGNED 0
    parameter \A_SIGNED 0
    connect \Y $procmux$450_CMP
    connect \B 5'11100
    connect \A $mem2reg_rd$\regs$./../src/register_file.v:61$293_ADDR
  end

  attribute \full_case 1
  attribute \src "./../src/register_file.v:0.0-0.0"
  cell $eq $procmux$449_CMP0
    parameter \Y_WIDTH 1
    parameter \B_WIDTH 5
    parameter \A_WIDTH 5
    parameter \B_SIGNED 0
    parameter \A_SIGNED 0
    connect \Y $procmux$449_CMP
    connect \B 5'11101
    connect \A $mem2reg_rd$\regs$./../src/register_file.v:61$293_ADDR
  end

  attribute \full_case 1
  attribute \src "./../src/register_file.v:0.0-0.0"
  cell $eq $procmux$448_CMP0
    parameter \Y_WIDTH 1
    parameter \B_WIDTH 5
    parameter \A_WIDTH 5
    parameter \B_SIGNED 0
    parameter \A_SIGNED 0
    connect \Y $procmux$448_CMP
    connect \B 5'11110
    connect \A $mem2reg_rd$\regs$./../src/register_file.v:61$293_ADDR
  end

  attribute \full_case 1
  attribute \src "./../src/register_file.v:0.0-0.0"
  cell $pmux $procmux$446
    parameter \S_WIDTH 32
    parameter \WIDTH 32
    connect \Y $procmux$446_Y
    connect \S { $procmux$478_CMP $procmux$477_CMP $procmux$476_CMP $procmux$475_CMP $procmux$474_CMP $procmux$473_CMP $procmux$472_CMP $procmux$471_CMP $procmux$470_CMP $procmux$469_CMP $procmux$468_CMP $procmux$467_CMP $procmux$466_CMP $procmux$465_CMP $procmux$464_CMP $procmux$463_CMP $procmux$462_CMP $procmux$461_CMP $procmux$460_CMP $procmux$459_CMP $procmux$458_CMP $procmux$457_CMP $procmux$456_CMP $procmux$455_CMP $procmux$454_CMP $procmux$453_CMP $procmux$452_CMP $procmux$451_CMP $procmux$450_CMP $procmux$449_CMP $procmux$448_CMP $procmux$447_CMP }
    connect \B { \regs[0] \regs[1] \regs[2] \regs[3] \regs[4] \regs[5] \regs[6] \regs[7] \regs[8] \regs[9] \regs[10] \regs[11] \regs[12] \regs[13] \regs[14] \regs[15] \regs[16] \regs[17] \regs[18] \regs[19] \regs[20] \regs[21] \regs[22] \regs[23] \regs[24] \regs[25] \regs[26] \regs[27] \regs[28] \regs[29] \regs[30] \regs[31] }
    connect \A 32'xxxxxxxxxxxxxxxxxxxxxxxxxxxxxxxx
  end

  attribute \full_case 1
  attribute \src "./../src/register_file.v:0.0-0.0"
  cell $eq $procmux$447_CMP0
    parameter \Y_WIDTH 1
    parameter \B_WIDTH 5
    parameter \A_WIDTH 5
    parameter \B_SIGNED 0
    parameter \A_SIGNED 0
    connect \Y $procmux$447_CMP
    connect \B 5'11111
    connect \A $mem2reg_rd$\regs$./../src/register_file.v:61$293_ADDR
  end

  attribute \src "./../src/register_file.v:61"
  cell $mux $ternary$./../src/register_file.v:61$304
    parameter \WIDTH 32
    connect \Y $ternary$./../src/register_file.v:61$304_Y
    connect \S $eq$./../src/register_file.v:61$303_Y
    connect \B 0
    connect \A $mem2reg_rd$\regs$./../src/register_file.v:61$293_DATA
  end

  attribute \src "./../src/register_file.v:61"
  cell $eq $eq$./../src/register_file.v:61$303
    parameter \Y_WIDTH 1
    parameter \B_WIDTH 5
    parameter \A_WIDTH 5
    parameter \B_SIGNED 0
    parameter \A_SIGNED 0
    connect \Y $eq$./../src/register_file.v:61$303_Y
    connect \B 5'00000
    connect \A \read_reg_2
  end

  attribute \src "./../src/register_file.v:60"
  cell $mux $ternary$./../src/register_file.v:60$302
    parameter \WIDTH 32
    connect \Y $ternary$./../src/register_file.v:60$302_Y
    connect \S $eq$./../src/register_file.v:60$301_Y
    connect \B 0
    connect \A $mem2reg_rd$\regs$./../src/register_file.v:60$292_DATA
  end

  attribute \src "./../src/register_file.v:60"
  cell $eq $eq$./../src/register_file.v:60$301
    parameter \Y_WIDTH 1
    parameter \B_WIDTH 5
    parameter \A_WIDTH 5
    parameter \B_SIGNED 0
    parameter \A_SIGNED 0
    connect \Y $eq$./../src/register_file.v:60$301_Y
    connect \B 5'00000
    connect \A \read_reg_1
  end

  connect \read_data_1 $ternary$./../src/register_file.v:60$302_Y
  connect \read_data_2 $ternary$./../src/register_file.v:61$304_Y
  connect $mem2reg_rd$\regs$./../src/register_file.v:60$292_ADDR \read_reg_1
  connect $mem2reg_rd$\regs$./../src/register_file.v:61$293_ADDR \read_reg_2
  connect $0$mem2reg_rd$\regs$./../src/register_file.v:61$293_DATA[31:0]$309 $1$mem2reg_rd$\regs$./../src/register_file.v:61$293_DATA[31:0]$310
  connect $0$mem2reg_rd$\regs$./../src/register_file.v:60$292_DATA[31:0]$306 $1$mem2reg_rd$\regs$./../src/register_file.v:60$292_DATA[31:0]$307
  connect $0$mem2reg_wr$\regs$./../src/register_file.v:21$291_DATA[31:0]$296 $1$mem2reg_wr$\regs$./../src/register_file.v:21$291_DATA[31:0]$298
  connect $0$mem2reg_wr$\regs$./../src/register_file.v:21$291_ADDR[4:0]$295 $1$mem2reg_wr$\regs$./../src/register_file.v:21$291_ADDR[4:0]$297
  connect $1$mem2reg_rd$\regs$./../src/register_file.v:61$293_DATA[31:0]$310 $procmux$446_Y
  connect $1$mem2reg_rd$\regs$./../src/register_file.v:60$292_DATA[31:0]$307 $procmux$479_Y
  connect $procmux$514_CMP \cs_reg_write
  connect $2$mem2reg_wr$\regs$./../src/register_file.v:21$291_ADDR[4:0]$299 $procmux$513_Y
  connect $procmux$517_CMP \cs_reg_write
  connect $2$mem2reg_wr$\regs$./../src/register_file.v:21$291_DATA[31:0]$300 $procmux$516_Y
  connect $1$mem2reg_wr$\regs$./../src/register_file.v:21$291_DATA[31:0]$298 $2$mem2reg_wr$\regs$./../src/register_file.v:21$291_DATA[31:0]$300
  connect $1$mem2reg_wr$\regs$./../src/register_file.v:21$291_ADDR[4:0]$297 $2$mem2reg_wr$\regs$./../src/register_file.v:21$291_ADDR[4:0]$299
  connect $procmux$522_CMP \cs_reg_write
  connect $0\regs[31][31:0] $procmux$521_Y
  connect $procmux$528_CMP \cs_reg_write
  connect $0\regs[30][31:0] $procmux$527_Y
  connect $procmux$535_CMP \cs_reg_write
  connect $0\regs[29][31:0] $procmux$534_Y
  connect $procmux$543_CMP \cs_reg_write
  connect $0\regs[28][31:0] $procmux$542_Y
  connect $procmux$552_CMP \cs_reg_write
  connect $0\regs[27][31:0] $procmux$551_Y
  connect $procmux$562_CMP \cs_reg_write
  connect $0\regs[26][31:0] $procmux$561_Y
  connect $procmux$573_CMP \cs_reg_write
  connect $0\regs[25][31:0] $procmux$572_Y
  connect $procmux$585_CMP \cs_reg_write
  connect $0\regs[24][31:0] $procmux$584_Y
  connect $procmux$598_CMP \cs_reg_write
  connect $0\regs[23][31:0] $procmux$597_Y
  connect $procmux$612_CMP \cs_reg_write
  connect $0\regs[22][31:0] $procmux$611_Y
  connect $procmux$627_CMP \cs_reg_write
  connect $0\regs[21][31:0] $procmux$626_Y
  connect $procmux$643_CMP \cs_reg_write
  connect $0\regs[20][31:0] $procmux$642_Y
  connect $procmux$660_CMP \cs_reg_write
  connect $0\regs[19][31:0] $procmux$659_Y
  connect $procmux$678_CMP \cs_reg_write
  connect $0\regs[18][31:0] $procmux$677_Y
  connect $procmux$697_CMP \cs_reg_write
  connect $0\regs[17][31:0] $procmux$696_Y
  connect $procmux$717_CMP \cs_reg_write
  connect $0\regs[16][31:0] $procmux$716_Y
  connect $procmux$738_CMP \cs_reg_write
  connect $0\regs[15][31:0] $procmux$737_Y
  connect $procmux$760_CMP \cs_reg_write
  connect $0\regs[14][31:0] $procmux$759_Y
  connect $procmux$783_CMP \cs_reg_write
  connect $0\regs[13][31:0] $procmux$782_Y
  connect $procmux$807_CMP \cs_reg_write
  connect $0\regs[12][31:0] $procmux$806_Y
  connect $procmux$832_CMP \cs_reg_write
  connect $0\regs[11][31:0] $procmux$831_Y
  connect $procmux$858_CMP \cs_reg_write
  connect $0\regs[10][31:0] $procmux$857_Y
  connect $procmux$885_CMP \cs_reg_write
  connect $0\regs[9][31:0] $procmux$884_Y
  connect $procmux$913_CMP \cs_reg_write
  connect $0\regs[8][31:0] $procmux$912_Y
  connect $procmux$942_CMP \cs_reg_write
  connect $0\regs[7][31:0] $procmux$941_Y
  connect $procmux$972_CMP \cs_reg_write
  connect $0\regs[6][31:0] $procmux$971_Y
  connect $procmux$1003_CMP \cs_reg_write
  connect $0\regs[5][31:0] $procmux$1002_Y
  connect $procmux$1035_CMP \cs_reg_write
  connect $0\regs[4][31:0] $procmux$1034_Y
  connect $procmux$1068_CMP \cs_reg_write
  connect $0\regs[3][31:0] $procmux$1067_Y
  connect $procmux$1102_CMP \cs_reg_write
  connect $0\regs[2][31:0] $procmux$1101_Y
  connect $procmux$1137_CMP \cs_reg_write
  connect $0\regs[1][31:0] $procmux$1136_Y
  connect $procmux$1173_CMP \cs_reg_write
  connect $0\regs[0][31:0] $procmux$1172_Y
  connect $mem2reg_rd$\regs$./../src/register_file.v:61$293_DATA $procmux$446_Y
  connect $mem2reg_rd$\regs$./../src/register_file.v:60$292_DATA $procmux$479_Y
end
